{"C:/Users/inken/Desktop/campfit/campfit-astro/src/i18n/client.ts": {"path":"C:/Users/inken/Desktop/campfit/campfit-astro/src/i18n/client.ts","statementMap":{"0":{"start":{"line":3,"column":20},"end":{"line":3,"column":null}},"1":{"start":{"line":6,"column":2},"end":{"line":6,"column":null}},"2":{"start":{"line":6,"column":37},"end":{"line":6,"column":null}},"3":{"start":{"line":7,"column":2},"end":{"line":7,"column":null}},"4":{"start":{"line":11,"column":2},"end":{"line":11,"column":null}},"5":{"start":{"line":12,"column":2},"end":{"line":12,"column":null}},"6":{"start":{"line":16,"column":18},"end":{"line":16,"column":null}},"7":{"start":{"line":17,"column":15},"end":{"line":17,"column":null}},"8":{"start":{"line":18,"column":2},"end":{"line":18,"column":null}},"9":{"start":{"line":19,"column":2},"end":{"line":19,"column":null}},"10":{"start":{"line":23,"column":69},"end":{"line":142,"column":null}},"11":{"start":{"line":145,"column":15},"end":{"line":145,"column":null}},"12":{"start":{"line":146,"column":2},"end":{"line":146,"column":null}}},"fnMap":{"0":{"name":"getStoredLanguage","decl":{"start":{"line":5,"column":16},"end":{"line":5,"column":46}},"loc":{"start":{"line":5,"column":46},"end":{"line":8,"column":null}}},"1":{"name":"setStoredLanguage","decl":{"start":{"line":10,"column":16},"end":{"line":10,"column":34}},"loc":{"start":{"line":10,"column":56},"end":{"line":13,"column":null}}},"2":{"name":"toggleLanguage","decl":{"start":{"line":15,"column":16},"end":{"line":15,"column":43}},"loc":{"start":{"line":15,"column":43},"end":{"line":20,"column":null}}},"3":{"name":"t","decl":{"start":{"line":144,"column":16},"end":{"line":144,"column":18}},"loc":{"start":{"line":144,"column":39},"end":{"line":147,"column":null}}}},"branchMap":{"0":{"loc":{"start":{"line":6,"column":2},"end":{"line":6,"column":null}},"type":"if","locations":[{"start":{"line":6,"column":2},"end":{"line":6,"column":null}},{"start":{},"end":{}}]},"1":{"loc":{"start":{"line":7,"column":10},"end":{"line":7,"column":null}},"type":"binary-expr","locations":[{"start":{"line":7,"column":10},"end":{"line":7,"column":60}},{"start":{"line":7,"column":60},"end":{"line":7,"column":null}}]},"2":{"loc":{"start":{"line":17,"column":15},"end":{"line":17,"column":null}},"type":"cond-expr","locations":[{"start":{"line":17,"column":34},"end":{"line":17,"column":41}},{"start":{"line":17,"column":41},"end":{"line":17,"column":null}}]},"3":{"loc":{"start":{"line":146,"column":9},"end":{"line":146,"column":null}},"type":"binary-expr","locations":[{"start":{"line":146,"column":9},"end":{"line":146,"column":44}},{"start":{"line":146,"column":44},"end":{"line":146,"column":79}},{"start":{"line":146,"column":79},"end":{"line":146,"column":null}}]}},"s":{"0":1,"1":7,"2":0,"3":7,"4":7,"5":7,"6":4,"7":4,"8":4,"9":4,"10":1,"11":0,"12":0},"f":{"0":7,"1":7,"2":4,"3":0},"b":{"0":[0,7],"1":[7,2],"2":[3,1],"3":[0,0,0]}}
,"C:/Users/inken/Desktop/campfit/campfit-astro/src/i18n/translations.ts": {"path":"C:/Users/inken/Desktop/campfit/campfit-astro/src/i18n/translations.ts","statementMap":{"0":{"start":{"line":3,"column":70},"end":{"line":580,"column":null}},"1":{"start":{"line":583,"column":2},"end":{"line":583,"column":null}}},"fnMap":{"0":{"name":"t","decl":{"start":{"line":582,"column":16},"end":{"line":582,"column":18}},"loc":{"start":{"line":582,"column":55},"end":{"line":584,"column":null}}}},"branchMap":{"0":{"loc":{"start":{"line":583,"column":9},"end":{"line":583,"column":null}},"type":"binary-expr","locations":[{"start":{"line":583,"column":9},"end":{"line":583,"column":38}},{"start":{"line":583,"column":38},"end":{"line":583,"column":67}},{"start":{"line":583,"column":67},"end":{"line":583,"column":null}}]}},"s":{"0":1,"1":0},"f":{"0":0},"b":{"0":[0,0,0]}}
,"C:/Users/inken/Desktop/campfit/campfit-astro/src/lib/firebase.ts": {"path":"C:/Users/inken/Desktop/campfit/campfit-astro/src/lib/firebase.ts","statementMap":{"0":{"start":{"line":6,"column":12},"end":{"line":6,"column":null}},"1":{"start":{"line":8,"column":23},"end":{"line":15,"column":null}},"2":{"start":{"line":18,"column":12},"end":{"line":18,"column":null}},"3":{"start":{"line":19,"column":20},"end":{"line":19,"column":null}},"4":{"start":{"line":20,"column":18},"end":{"line":20,"column":null}},"5":{"start":{"line":24,"column":0},"end":{"line":26,"column":null}},"6":{"start":{"line":25,"column":2},"end":{"line":25,"column":null}}},"fnMap":{"0":{"name":"(anonymous_0)","decl":{"start":{"line":24,"column":52},"end":{"line":24,"column":53}},"loc":{"start":{"line":24,"column":61},"end":{"line":26,"column":1}}}},"branchMap":{"0":{"loc":{"start":{"line":6,"column":12},"end":{"line":6,"column":null}},"type":"cond-expr","locations":[{"start":{"line":6,"column":49},"end":{"line":6,"column":67}},{"start":{"line":6,"column":67},"end":{"line":6,"column":null}}]}},"s":{"0":1,"1":1,"2":1,"3":1,"4":1,"5":1,"6":0},"f":{"0":0},"b":{"0":[1,0]}}
,"C:/Users/inken/Desktop/campfit/campfit-astro/src/lib/routeGuards.ts": {"path":"C:/Users/inken/Desktop/campfit/campfit-astro/src/lib/routeGuards.ts","statementMap":{"0":{"start":{"line":18,"column":41},"end":{"line":48,"column":null}},"1":{"start":{"line":56,"column":16},"end":{"line":58,"column":null}},"2":{"start":{"line":57,"column":19},"end":{"line":57,"column":42}},"3":{"start":{"line":58,"column":20},"end":{"line":58,"column":49}},"4":{"start":{"line":60,"column":2},"end":{"line":62,"column":null}},"5":{"start":{"line":61,"column":4},"end":{"line":61,"column":null}},"6":{"start":{"line":65,"column":2},"end":{"line":67,"column":null}},"7":{"start":{"line":66,"column":4},"end":{"line":66,"column":null}},"8":{"start":{"line":70,"column":2},"end":{"line":72,"column":null}},"9":{"start":{"line":71,"column":4},"end":{"line":71,"column":null}},"10":{"start":{"line":75,"column":2},"end":{"line":82,"column":null}},"11":{"start":{"line":76,"column":48},"end":{"line":80,"column":null}},"12":{"start":{"line":81,"column":4},"end":{"line":81,"column":null}},"13":{"start":{"line":85,"column":2},"end":{"line":87,"column":null}},"14":{"start":{"line":86,"column":4},"end":{"line":86,"column":null}},"15":{"start":{"line":89,"column":2},"end":{"line":89,"column":null}}},"fnMap":{"0":{"name":"checkRouteAccess","decl":{"start":{"line":51,"column":16},"end":{"line":51,"column":null}},"loc":{"start":{"line":54,"column":45},"end":{"line":90,"column":null}}},"1":{"name":"(anonymous_1)","decl":{"start":{"line":57,"column":12},"end":{"line":57,"column":13}},"loc":{"start":{"line":57,"column":19},"end":{"line":57,"column":42}}},"2":{"name":"(anonymous_2)","decl":{"start":{"line":58,"column":10},"end":{"line":58,"column":11}},"loc":{"start":{"line":58,"column":20},"end":{"line":58,"column":49}}}},"branchMap":{"0":{"loc":{"start":{"line":60,"column":2},"end":{"line":62,"column":null}},"type":"if","locations":[{"start":{"line":60,"column":2},"end":{"line":62,"column":null}},{"start":{},"end":{}}]},"1":{"loc":{"start":{"line":65,"column":2},"end":{"line":67,"column":null}},"type":"if","locations":[{"start":{"line":65,"column":2},"end":{"line":67,"column":null}},{"start":{},"end":{}}]},"2":{"loc":{"start":{"line":70,"column":2},"end":{"line":72,"column":null}},"type":"if","locations":[{"start":{"line":70,"column":2},"end":{"line":72,"column":null}},{"start":{},"end":{}}]},"3":{"loc":{"start":{"line":75,"column":2},"end":{"line":82,"column":null}},"type":"if","locations":[{"start":{"line":75,"column":2},"end":{"line":82,"column":null}},{"start":{},"end":{}}]},"4":{"loc":{"start":{"line":81,"column":41},"end":{"line":81,"column":76}},"type":"binary-expr","locations":[{"start":{"line":81,"column":41},"end":{"line":81,"column":67}},{"start":{"line":81,"column":67},"end":{"line":81,"column":76}}]},"5":{"loc":{"start":{"line":85,"column":2},"end":{"line":87,"column":null}},"type":"if","locations":[{"start":{"line":85,"column":2},"end":{"line":87,"column":null}},{"start":{},"end":{}}]},"6":{"loc":{"start":{"line":85,"column":6},"end":{"line":85,"column":60}},"type":"binary-expr","locations":[{"start":{"line":85,"column":6},"end":{"line":85,"column":38}},{"start":{"line":85,"column":38},"end":{"line":85,"column":60}}]}},"s":{"0":1,"1":19,"2":342,"3":17,"4":19,"5":0,"6":19,"7":6,"8":13,"9":1,"10":12,"11":4,"12":4,"13":8,"14":0,"15":8},"f":{"0":19,"1":342,"2":17},"b":{"0":[0,19],"1":[6,13],"2":[1,12],"3":[4,8],"4":[4,0],"5":[0,8],"6":[8,0]}}
,"C:/Users/inken/Desktop/campfit/campfit-astro/src/lib/validators.ts": {"path":"C:/Users/inken/Desktop/campfit/campfit-astro/src/lib/validators.ts","statementMap":{"0":{"start":{"line":10,"column":2},"end":{"line":10,"column":null}},"1":{"start":{"line":10,"column":14},"end":{"line":10,"column":null}},"2":{"start":{"line":11,"column":2},"end":{"line":11,"column":null}},"3":{"start":{"line":24,"column":27},"end":{"line":24,"column":null}},"4":{"start":{"line":26,"column":2},"end":{"line":28,"column":null}},"5":{"start":{"line":27,"column":4},"end":{"line":27,"column":null}},"6":{"start":{"line":30,"column":2},"end":{"line":32,"column":null}},"7":{"start":{"line":31,"column":4},"end":{"line":31,"column":null}},"8":{"start":{"line":33,"column":2},"end":{"line":35,"column":null}},"9":{"start":{"line":34,"column":4},"end":{"line":34,"column":null}},"10":{"start":{"line":36,"column":2},"end":{"line":38,"column":null}},"11":{"start":{"line":37,"column":4},"end":{"line":37,"column":null}},"12":{"start":{"line":39,"column":2},"end":{"line":41,"column":null}},"13":{"start":{"line":40,"column":4},"end":{"line":40,"column":null}},"14":{"start":{"line":43,"column":2},"end":{"line":43,"column":null}},"15":{"start":{"line":54,"column":2},"end":{"line":56,"column":null}},"16":{"start":{"line":55,"column":4},"end":{"line":55,"column":null}},"17":{"start":{"line":57,"column":2},"end":{"line":59,"column":null}},"18":{"start":{"line":58,"column":4},"end":{"line":58,"column":null}},"19":{"start":{"line":60,"column":2},"end":{"line":62,"column":null}},"20":{"start":{"line":61,"column":4},"end":{"line":61,"column":null}},"21":{"start":{"line":63,"column":2},"end":{"line":65,"column":null}},"22":{"start":{"line":64,"column":4},"end":{"line":64,"column":null}},"23":{"start":{"line":66,"column":2},"end":{"line":66,"column":null}}},"fnMap":{"0":{"name":"isValidEmail","decl":{"start":{"line":9,"column":16},"end":{"line":9,"column":29}},"loc":{"start":{"line":9,"column":72},"end":{"line":12,"column":null}}},"1":{"name":"isValidPassword","decl":{"start":{"line":21,"column":16},"end":{"line":21,"column":null}},"loc":{"start":{"line":23,"column":40},"end":{"line":44,"column":null}}},"2":{"name":"isValidName","decl":{"start":{"line":51,"column":16},"end":{"line":51,"column":null}},"loc":{"start":{"line":53,"column":44},"end":{"line":67,"column":null}}}},"branchMap":{"0":{"loc":{"start":{"line":10,"column":2},"end":{"line":10,"column":null}},"type":"if","locations":[{"start":{"line":10,"column":2},"end":{"line":10,"column":null}},{"start":{},"end":{}}]},"1":{"loc":{"start":{"line":26,"column":2},"end":{"line":28,"column":null}},"type":"if","locations":[{"start":{"line":26,"column":2},"end":{"line":28,"column":null}},{"start":{},"end":{}}]},"2":{"loc":{"start":{"line":30,"column":2},"end":{"line":32,"column":null}},"type":"if","locations":[{"start":{"line":30,"column":2},"end":{"line":32,"column":null}},{"start":{},"end":{}}]},"3":{"loc":{"start":{"line":33,"column":2},"end":{"line":35,"column":null}},"type":"if","locations":[{"start":{"line":33,"column":2},"end":{"line":35,"column":null}},{"start":{},"end":{}}]},"4":{"loc":{"start":{"line":36,"column":2},"end":{"line":38,"column":null}},"type":"if","locations":[{"start":{"line":36,"column":2},"end":{"line":38,"column":null}},{"start":{},"end":{}}]},"5":{"loc":{"start":{"line":39,"column":2},"end":{"line":41,"column":null}},"type":"if","locations":[{"start":{"line":39,"column":2},"end":{"line":41,"column":null}},{"start":{},"end":{}}]},"6":{"loc":{"start":{"line":54,"column":2},"end":{"line":56,"column":null}},"type":"if","locations":[{"start":{"line":54,"column":2},"end":{"line":56,"column":null}},{"start":{},"end":{}}]},"7":{"loc":{"start":{"line":54,"column":6},"end":{"line":54,"column":41}},"type":"binary-expr","locations":[{"start":{"line":54,"column":6},"end":{"line":54,"column":15}},{"start":{"line":54,"column":15},"end":{"line":54,"column":41}}]},"8":{"loc":{"start":{"line":57,"column":2},"end":{"line":59,"column":null}},"type":"if","locations":[{"start":{"line":57,"column":2},"end":{"line":59,"column":null}},{"start":{},"end":{}}]},"9":{"loc":{"start":{"line":60,"column":2},"end":{"line":62,"column":null}},"type":"if","locations":[{"start":{"line":60,"column":2},"end":{"line":62,"column":null}},{"start":{},"end":{}}]},"10":{"loc":{"start":{"line":63,"column":2},"end":{"line":65,"column":null}},"type":"if","locations":[{"start":{"line":63,"column":2},"end":{"line":65,"column":null}},{"start":{},"end":{}}]}},"s":{"0":10,"1":3,"2":7,"3":10,"4":10,"5":3,"6":7,"7":2,"8":7,"9":2,"10":7,"11":1,"12":7,"13":2,"14":7,"15":12,"16":4,"17":8,"18":1,"19":7,"20":1,"21":6,"22":3,"23":3},"f":{"0":10,"1":10,"2":12},"b":{"0":[3,7],"1":[3,7],"2":[2,5],"3":[2,5],"4":[1,6],"5":[2,5],"6":[4,8],"7":[12,9],"8":[1,7],"9":[1,6],"10":[3,3]}}
,"C:/Users/inken/Desktop/campfit/campfit-astro/src/lib/admin/adminUtils.ts": {"path":"C:/Users/inken/Desktop/campfit/campfit-astro/src/lib/admin/adminUtils.ts","statementMap":{"0":{"start":{"line":67,"column":12},"end":{"line":70,"column":null}},"1":{"start":{"line":71,"column":2},"end":{"line":93,"column":null}},"2":{"start":{"line":74,"column":20},"end":{"line":86,"column":null}},"3":{"start":{"line":75,"column":21},"end":{"line":75,"column":null}},"4":{"start":{"line":76,"column":8},"end":{"line":85,"column":null}},"5":{"start":{"line":87,"column":6},"end":{"line":87,"column":null}},"6":{"start":{"line":90,"column":6},"end":{"line":90,"column":null}},"7":{"start":{"line":91,"column":6},"end":{"line":91,"column":null}},"8":{"start":{"line":100,"column":12},"end":{"line":104,"column":null}},"9":{"start":{"line":105,"column":2},"end":{"line":127,"column":null}},"10":{"start":{"line":108,"column":20},"end":{"line":120,"column":null}},"11":{"start":{"line":109,"column":21},"end":{"line":109,"column":null}},"12":{"start":{"line":110,"column":8},"end":{"line":119,"column":null}},"13":{"start":{"line":121,"column":6},"end":{"line":121,"column":null}},"14":{"start":{"line":124,"column":6},"end":{"line":124,"column":null}},"15":{"start":{"line":125,"column":6},"end":{"line":125,"column":null}},"16":{"start":{"line":131,"column":2},"end":{"line":150,"column":null}},"17":{"start":{"line":132,"column":20},"end":{"line":132,"column":null}},"18":{"start":{"line":133,"column":4},"end":{"line":145,"column":null}},"19":{"start":{"line":134,"column":19},"end":{"line":134,"column":null}},"20":{"start":{"line":135,"column":6},"end":{"line":144,"column":null}},"21":{"start":{"line":146,"column":4},"end":{"line":146,"column":null}},"22":{"start":{"line":148,"column":4},"end":{"line":148,"column":null}},"23":{"start":{"line":149,"column":4},"end":{"line":149,"column":null}},"24":{"start":{"line":158,"column":2},"end":{"line":191,"column":null}},"25":{"start":{"line":160,"column":27},"end":{"line":160,"column":null}},"26":{"start":{"line":161,"column":16},"end":{"line":161,"column":null}},"27":{"start":{"line":164,"column":46},"end":{"line":171,"column":null}},"28":{"start":{"line":173,"column":4},"end":{"line":175,"column":null}},"29":{"start":{"line":174,"column":6},"end":{"line":174,"column":null}},"30":{"start":{"line":177,"column":4},"end":{"line":177,"column":null}},"31":{"start":{"line":179,"column":4},"end":{"line":179,"column":null}},"32":{"start":{"line":180,"column":4},"end":{"line":180,"column":null}},"33":{"start":{"line":182,"column":16},"end":{"line":182,"column":null}},"34":{"start":{"line":183,"column":4},"end":{"line":185,"column":null}},"35":{"start":{"line":184,"column":6},"end":{"line":184,"column":null}},"36":{"start":{"line":186,"column":4},"end":{"line":188,"column":null}},"37":{"start":{"line":187,"column":6},"end":{"line":187,"column":null}},"38":{"start":{"line":189,"column":4},"end":{"line":189,"column":null}},"39":{"start":{"line":190,"column":4},"end":{"line":190,"column":null}},"40":{"start":{"line":195,"column":2},"end":{"line":206,"column":null}},"41":{"start":{"line":196,"column":4},"end":{"line":199,"column":null}},"42":{"start":{"line":200,"column":4},"end":{"line":200,"column":null}},"43":{"start":{"line":201,"column":4},"end":{"line":201,"column":null}},"44":{"start":{"line":203,"column":4},"end":{"line":203,"column":null}},"45":{"start":{"line":204,"column":4},"end":{"line":204,"column":null}},"46":{"start":{"line":205,"column":4},"end":{"line":205,"column":null}},"47":{"start":{"line":210,"column":2},"end":{"line":221,"column":null}},"48":{"start":{"line":211,"column":4},"end":{"line":214,"column":null}},"49":{"start":{"line":215,"column":4},"end":{"line":215,"column":null}},"50":{"start":{"line":216,"column":4},"end":{"line":216,"column":null}},"51":{"start":{"line":218,"column":4},"end":{"line":218,"column":null}},"52":{"start":{"line":219,"column":4},"end":{"line":219,"column":null}},"53":{"start":{"line":220,"column":4},"end":{"line":220,"column":null}},"54":{"start":{"line":225,"column":2},"end":{"line":233,"column":null}},"55":{"start":{"line":226,"column":4},"end":{"line":226,"column":null}},"56":{"start":{"line":227,"column":4},"end":{"line":227,"column":null}},"57":{"start":{"line":228,"column":4},"end":{"line":228,"column":null}},"58":{"start":{"line":230,"column":4},"end":{"line":230,"column":null}},"59":{"start":{"line":231,"column":4},"end":{"line":231,"column":null}},"60":{"start":{"line":232,"column":4},"end":{"line":232,"column":null}},"61":{"start":{"line":241,"column":15},"end":{"line":241,"column":null}},"62":{"start":{"line":242,"column":16},"end":{"line":242,"column":null}},"63":{"start":{"line":243,"column":18},"end":{"line":243,"column":null}},"64":{"start":{"line":244,"column":45},"end":{"line":248,"column":null}},"65":{"start":{"line":249,"column":20},"end":{"line":249,"column":null}},"66":{"start":{"line":251,"column":2},"end":{"line":268,"column":null}},"67":{"start":{"line":279,"column":15},"end":{"line":279,"column":null}},"68":{"start":{"line":280,"column":16},"end":{"line":280,"column":null}},"69":{"start":{"line":281,"column":18},"end":{"line":281,"column":null}},"70":{"start":{"line":282,"column":15},"end":{"line":282,"column":null}},"71":{"start":{"line":284,"column":2},"end":{"line":295,"column":null}},"72":{"start":{"line":308,"column":25},"end":{"line":314,"column":null}},"73":{"start":{"line":309,"column":19},"end":{"line":309,"column":39}},"74":{"start":{"line":312,"column":8},"end":{"line":312,"column":null}},"75":{"start":{"line":316,"column":2},"end":{"line":350,"column":null}},"76":{"start":{"line":365,"column":2},"end":{"line":365,"column":null}},"77":{"start":{"line":372,"column":15},"end":{"line":372,"column":null}},"78":{"start":{"line":373,"column":16},"end":{"line":373,"column":null}},"79":{"start":{"line":374,"column":18},"end":{"line":374,"column":null}},"80":{"start":{"line":375,"column":45},"end":{"line":379,"column":null}},"81":{"start":{"line":380,"column":20},"end":{"line":380,"column":null}},"82":{"start":{"line":382,"column":2},"end":{"line":403,"column":null}},"83":{"start":{"line":414,"column":15},"end":{"line":414,"column":null}},"84":{"start":{"line":415,"column":16},"end":{"line":415,"column":null}},"85":{"start":{"line":416,"column":18},"end":{"line":416,"column":null}},"86":{"start":{"line":417,"column":22},"end":{"line":417,"column":null}},"87":{"start":{"line":419,"column":2},"end":{"line":432,"column":null}},"88":{"start":{"line":443,"column":15},"end":{"line":443,"column":null}},"89":{"start":{"line":444,"column":16},"end":{"line":444,"column":null}},"90":{"start":{"line":445,"column":18},"end":{"line":445,"column":null}},"91":{"start":{"line":446,"column":22},"end":{"line":446,"column":null}},"92":{"start":{"line":448,"column":2},"end":{"line":461,"column":null}},"93":{"start":{"line":473,"column":2},"end":{"line":484,"column":null}},"94":{"start":{"line":474,"column":14},"end":{"line":478,"column":null}},"95":{"start":{"line":479,"column":21},"end":{"line":479,"column":null}},"96":{"start":{"line":480,"column":4},"end":{"line":480,"column":null}},"97":{"start":{"line":482,"column":4},"end":{"line":482,"column":null}},"98":{"start":{"line":483,"column":4},"end":{"line":483,"column":null}},"99":{"start":{"line":491,"column":2},"end":{"line":500,"column":null}},"100":{"start":{"line":492,"column":20},"end":{"line":492,"column":null}},"101":{"start":{"line":493,"column":4},"end":{"line":495,"column":null}},"102":{"start":{"line":494,"column":6},"end":{"line":494,"column":null}},"103":{"start":{"line":496,"column":4},"end":{"line":496,"column":null}},"104":{"start":{"line":498,"column":4},"end":{"line":498,"column":null}},"105":{"start":{"line":499,"column":4},"end":{"line":499,"column":null}},"106":{"start":{"line":507,"column":2},"end":{"line":519,"column":null}},"107":{"start":{"line":508,"column":4},"end":{"line":512,"column":null}},"108":{"start":{"line":513,"column":4},"end":{"line":513,"column":null}},"109":{"start":{"line":514,"column":4},"end":{"line":514,"column":null}},"110":{"start":{"line":516,"column":4},"end":{"line":516,"column":null}},"111":{"start":{"line":517,"column":4},"end":{"line":517,"column":null}},"112":{"start":{"line":518,"column":4},"end":{"line":518,"column":null}},"113":{"start":{"line":535,"column":18},"end":{"line":535,"column":null}},"114":{"start":{"line":538,"column":4},"end":{"line":538,"column":null}},"115":{"start":{"line":538,"column":19},"end":{"line":538,"column":null}},"116":{"start":{"line":539,"column":4},"end":{"line":544,"column":null}},"117":{"start":{"line":540,"column":23},"end":{"line":540,"column":null}},"118":{"start":{"line":541,"column":6},"end":{"line":541,"column":null}},"119":{"start":{"line":541,"column":22},"end":{"line":541,"column":null}},"120":{"start":{"line":543,"column":6},"end":{"line":543,"column":null}},"121":{"start":{"line":548,"column":2},"end":{"line":548,"column":null}},"122":{"start":{"line":551,"column":21},"end":{"line":551,"column":null}},"123":{"start":{"line":553,"column":2},"end":{"line":556,"column":null}},"124":{"start":{"line":554,"column":4},"end":{"line":554,"column":null}},"125":{"start":{"line":555,"column":4},"end":{"line":555,"column":null}},"126":{"start":{"line":566,"column":12},"end":{"line":570,"column":null}},"127":{"start":{"line":571,"column":2},"end":{"line":592,"column":null}},"128":{"start":{"line":574,"column":20},"end":{"line":586,"column":null}},"129":{"start":{"line":575,"column":21},"end":{"line":575,"column":null}},"130":{"start":{"line":576,"column":8},"end":{"line":585,"column":null}},"131":{"start":{"line":587,"column":6},"end":{"line":587,"column":null}},"132":{"start":{"line":590,"column":6},"end":{"line":590,"column":null}}},"fnMap":{"0":{"name":"subscribeToUsers","decl":{"start":{"line":64,"column":16},"end":{"line":64,"column":null}},"loc":{"start":{"line":66,"column":15},"end":{"line":94,"column":null}}},"1":{"name":"(anonymous_1)","decl":{"start":{"line":73,"column":4},"end":{"line":73,"column":5}},"loc":{"start":{"line":73,"column":18},"end":{"line":88,"column":null}}},"2":{"name":"(anonymous_2)","decl":{"start":{"line":74,"column":38},"end":{"line":74,"column":39}},"loc":{"start":{"line":74,"column":47},"end":{"line":86,"column":7}}},"3":{"name":"(anonymous_3)","decl":{"start":{"line":89,"column":4},"end":{"line":89,"column":5}},"loc":{"start":{"line":89,"column":15},"end":{"line":92,"column":null}}},"4":{"name":"subscribeToUsersByRole","decl":{"start":{"line":96,"column":16},"end":{"line":96,"column":null}},"loc":{"start":{"line":99,"column":15},"end":{"line":128,"column":null}}},"5":{"name":"(anonymous_5)","decl":{"start":{"line":107,"column":4},"end":{"line":107,"column":5}},"loc":{"start":{"line":107,"column":18},"end":{"line":122,"column":null}}},"6":{"name":"(anonymous_6)","decl":{"start":{"line":108,"column":38},"end":{"line":108,"column":39}},"loc":{"start":{"line":108,"column":47},"end":{"line":120,"column":7}}},"7":{"name":"(anonymous_7)","decl":{"start":{"line":123,"column":4},"end":{"line":123,"column":5}},"loc":{"start":{"line":123,"column":15},"end":{"line":126,"column":null}}},"8":{"name":"getUserProfile","decl":{"start":{"line":130,"column":22},"end":{"line":130,"column":37}},"loc":{"start":{"line":130,"column":80},"end":{"line":151,"column":null}}},"9":{"name":"createUser","decl":{"start":{"line":157,"column":22},"end":{"line":157,"column":33}},"loc":{"start":{"line":157,"column":120},"end":{"line":192,"column":null}}},"10":{"name":"updateUserRole","decl":{"start":{"line":194,"column":22},"end":{"line":194,"column":37}},"loc":{"start":{"line":194,"column":85},"end":{"line":207,"column":null}}},"11":{"name":"assignTrainer","decl":{"start":{"line":209,"column":22},"end":{"line":209,"column":36}},"loc":{"start":{"line":209,"column":98},"end":{"line":222,"column":null}}},"12":{"name":"deleteUser","decl":{"start":{"line":224,"column":22},"end":{"line":224,"column":33}},"loc":{"start":{"line":224,"column":64},"end":{"line":234,"column":null}}},"13":{"name":"renderUserRow","decl":{"start":{"line":240,"column":16},"end":{"line":240,"column":30}},"loc":{"start":{"line":240,"column":73},"end":{"line":276,"column":null}}},"14":{"name":"renderUserDetail","decl":{"start":{"line":278,"column":16},"end":{"line":278,"column":33}},"loc":{"start":{"line":278,"column":58},"end":{"line":301,"column":null}}},"15":{"name":"renderUserForm","decl":{"start":{"line":303,"column":16},"end":{"line":303,"column":null}},"loc":{"start":{"line":307,"column":10},"end":{"line":355,"column":null}}},"16":{"name":"(anonymous_16)","decl":{"start":{"line":309,"column":12},"end":{"line":309,"column":13}},"loc":{"start":{"line":309,"column":19},"end":{"line":309,"column":39}}},"17":{"name":"(anonymous_17)","decl":{"start":{"line":311,"column":6},"end":{"line":311,"column":7}},"loc":{"start":{"line":312,"column":8},"end":{"line":312,"column":null}}},"18":{"name":"renderUserCard","decl":{"start":{"line":364,"column":16},"end":{"line":364,"column":31}},"loc":{"start":{"line":364,"column":56},"end":{"line":366,"column":null}}},"19":{"name":"renderUserCardExtended","decl":{"start":{"line":371,"column":16},"end":{"line":371,"column":39}},"loc":{"start":{"line":371,"column":91},"end":{"line":408,"column":null}}},"20":{"name":"renderClientCard","decl":{"start":{"line":413,"column":16},"end":{"line":413,"column":33}},"loc":{"start":{"line":413,"column":60},"end":{"line":437,"column":null}}},"21":{"name":"renderTrainerCard","decl":{"start":{"line":442,"column":16},"end":{"line":442,"column":34}},"loc":{"start":{"line":442,"column":89},"end":{"line":467,"column":null}}},"22":{"name":"getTrainerClientCount","decl":{"start":{"line":472,"column":22},"end":{"line":472,"column":44}},"loc":{"start":{"line":472,"column":80},"end":{"line":485,"column":null}}},"23":{"name":"getUserName","decl":{"start":{"line":490,"column":22},"end":{"line":490,"column":34}},"loc":{"start":{"line":490,"column":67},"end":{"line":501,"column":null}}},"24":{"name":"toggleUserBlock","decl":{"start":{"line":506,"column":22},"end":{"line":506,"column":38}},"loc":{"start":{"line":506,"column":89},"end":{"line":520,"column":null}}},"25":{"name":"subscribeToCollectionCount","decl":{"start":{"line":531,"column":16},"end":{"line":531,"column":null}},"loc":{"start":{"line":534,"column":15},"end":{"line":557,"column":null}}},"26":{"name":"fetchCount","decl":{"start":{"line":537,"column":17},"end":{"line":537,"column":45}},"loc":{"start":{"line":537,"column":45},"end":{"line":545,"column":null}}},"27":{"name":"(anonymous_27)","decl":{"start":{"line":553,"column":9},"end":{"line":553,"column":15}},"loc":{"start":{"line":553,"column":15},"end":{"line":556,"column":null}}},"28":{"name":"subscribeToRecentUsers","decl":{"start":{"line":562,"column":16},"end":{"line":562,"column":null}},"loc":{"start":{"line":565,"column":15},"end":{"line":593,"column":null}}},"29":{"name":"(anonymous_29)","decl":{"start":{"line":573,"column":4},"end":{"line":573,"column":5}},"loc":{"start":{"line":573,"column":18},"end":{"line":588,"column":null}}},"30":{"name":"(anonymous_30)","decl":{"start":{"line":574,"column":38},"end":{"line":574,"column":39}},"loc":{"start":{"line":574,"column":47},"end":{"line":586,"column":7}}},"31":{"name":"(anonymous_31)","decl":{"start":{"line":589,"column":4},"end":{"line":589,"column":5}},"loc":{"start":{"line":589,"column":15},"end":{"line":591,"column":null}}}},"branchMap":{"0":{"loc":{"start":{"line":78,"column":16},"end":{"line":78,"column":null}},"type":"binary-expr","locations":[{"start":{"line":78,"column":16},"end":{"line":78,"column":29}},{"start":{"line":78,"column":29},"end":{"line":78,"column":null}}]},"1":{"loc":{"start":{"line":79,"column":17},"end":{"line":79,"column":null}},"type":"binary-expr","locations":[{"start":{"line":79,"column":17},"end":{"line":79,"column":31}},{"start":{"line":79,"column":31},"end":{"line":79,"column":null}}]},"2":{"loc":{"start":{"line":80,"column":16},"end":{"line":80,"column":null}},"type":"binary-expr","locations":[{"start":{"line":80,"column":16},"end":{"line":80,"column":29}},{"start":{"line":80,"column":29},"end":{"line":80,"column":null}}]},"3":{"loc":{"start":{"line":82,"column":26},"end":{"line":82,"column":null}},"type":"binary-expr","locations":[{"start":{"line":82,"column":26},"end":{"line":82,"column":49}},{"start":{"line":82,"column":49},"end":{"line":82,"column":null}}]},"4":{"loc":{"start":{"line":112,"column":16},"end":{"line":112,"column":null}},"type":"binary-expr","locations":[{"start":{"line":112,"column":16},"end":{"line":112,"column":29}},{"start":{"line":112,"column":29},"end":{"line":112,"column":null}}]},"5":{"loc":{"start":{"line":113,"column":17},"end":{"line":113,"column":null}},"type":"binary-expr","locations":[{"start":{"line":113,"column":17},"end":{"line":113,"column":31}},{"start":{"line":113,"column":31},"end":{"line":113,"column":null}}]},"6":{"loc":{"start":{"line":114,"column":16},"end":{"line":114,"column":null}},"type":"binary-expr","locations":[{"start":{"line":114,"column":16},"end":{"line":114,"column":29}},{"start":{"line":114,"column":29},"end":{"line":114,"column":null}}]},"7":{"loc":{"start":{"line":116,"column":26},"end":{"line":116,"column":null}},"type":"binary-expr","locations":[{"start":{"line":116,"column":26},"end":{"line":116,"column":49}},{"start":{"line":116,"column":49},"end":{"line":116,"column":null}}]},"8":{"loc":{"start":{"line":133,"column":4},"end":{"line":145,"column":null}},"type":"if","locations":[{"start":{"line":133,"column":4},"end":{"line":145,"column":null}},{"start":{},"end":{}}]},"9":{"loc":{"start":{"line":137,"column":14},"end":{"line":137,"column":null}},"type":"binary-expr","locations":[{"start":{"line":137,"column":14},"end":{"line":137,"column":27}},{"start":{"line":137,"column":27},"end":{"line":137,"column":null}}]},"10":{"loc":{"start":{"line":138,"column":15},"end":{"line":138,"column":null}},"type":"binary-expr","locations":[{"start":{"line":138,"column":15},"end":{"line":138,"column":29}},{"start":{"line":138,"column":29},"end":{"line":138,"column":null}}]},"11":{"loc":{"start":{"line":139,"column":14},"end":{"line":139,"column":null}},"type":"binary-expr","locations":[{"start":{"line":139,"column":14},"end":{"line":139,"column":27}},{"start":{"line":139,"column":27},"end":{"line":139,"column":null}}]},"12":{"loc":{"start":{"line":141,"column":24},"end":{"line":141,"column":null}},"type":"binary-expr","locations":[{"start":{"line":141,"column":24},"end":{"line":141,"column":47}},{"start":{"line":141,"column":47},"end":{"line":141,"column":null}}]},"13":{"loc":{"start":{"line":173,"column":4},"end":{"line":175,"column":null}},"type":"if","locations":[{"start":{"line":173,"column":4},"end":{"line":175,"column":null}},{"start":{},"end":{}}]},"14":{"loc":{"start":{"line":183,"column":4},"end":{"line":185,"column":null}},"type":"if","locations":[{"start":{"line":183,"column":4},"end":{"line":185,"column":null}},{"start":{},"end":{}}]},"15":{"loc":{"start":{"line":186,"column":4},"end":{"line":188,"column":null}},"type":"if","locations":[{"start":{"line":186,"column":4},"end":{"line":188,"column":null}},{"start":{},"end":{}}]},"16":{"loc":{"start":{"line":212,"column":25},"end":{"line":212,"column":null}},"type":"binary-expr","locations":[{"start":{"line":212,"column":25},"end":{"line":212,"column":38}},{"start":{"line":212,"column":38},"end":{"line":212,"column":null}}]},"17":{"loc":{"start":{"line":215,"column":36},"end":{"line":215,"column":58}},"type":"binary-expr","locations":[{"start":{"line":215,"column":36},"end":{"line":215,"column":49}},{"start":{"line":215,"column":49},"end":{"line":215,"column":58}}]},"18":{"loc":{"start":{"line":241,"column":15},"end":{"line":241,"column":null}},"type":"binary-expr","locations":[{"start":{"line":241,"column":15},"end":{"line":241,"column":28}},{"start":{"line":241,"column":28},"end":{"line":241,"column":null}}]},"19":{"loc":{"start":{"line":242,"column":16},"end":{"line":242,"column":null}},"type":"binary-expr","locations":[{"start":{"line":242,"column":16},"end":{"line":242,"column":30}},{"start":{"line":242,"column":30},"end":{"line":242,"column":null}}]},"20":{"loc":{"start":{"line":249,"column":20},"end":{"line":249,"column":null}},"type":"binary-expr","locations":[{"start":{"line":249,"column":20},"end":{"line":249,"column":45}},{"start":{"line":249,"column":45},"end":{"line":249,"column":null}}]},"21":{"loc":{"start":{"line":252,"column":131},"end":{"line":252,"column":183}},"type":"cond-expr","locations":[{"start":{"line":252,"column":141},"end":{"line":252,"column":181}},{"start":{"line":252,"column":181},"end":{"line":252,"column":183}}]},"22":{"loc":{"start":{"line":253,"column":11},"end":{"line":253,"column":48}},"type":"cond-expr","locations":[{"start":{"line":253,"column":21},"end":{"line":253,"column":46}},{"start":{"line":253,"column":46},"end":{"line":253,"column":48}}]},"23":{"loc":{"start":{"line":262,"column":16},"end":{"line":262,"column":134}},"type":"cond-expr","locations":[{"start":{"line":262,"column":38},"end":{"line":262,"column":132}},{"start":{"line":262,"column":132},"end":{"line":262,"column":134}}]},"24":{"loc":{"start":{"line":279,"column":15},"end":{"line":279,"column":null}},"type":"binary-expr","locations":[{"start":{"line":279,"column":15},"end":{"line":279,"column":28}},{"start":{"line":279,"column":28},"end":{"line":279,"column":null}}]},"25":{"loc":{"start":{"line":280,"column":16},"end":{"line":280,"column":null}},"type":"binary-expr","locations":[{"start":{"line":280,"column":16},"end":{"line":280,"column":30}},{"start":{"line":280,"column":30},"end":{"line":280,"column":null}}]},"26":{"loc":{"start":{"line":305,"column":2},"end":{"line":305,"column":null}},"type":"default-arg","locations":[{"start":{"line":305,"column":25},"end":{"line":305,"column":null}}]},"27":{"loc":{"start":{"line":306,"column":2},"end":{"line":306,"column":null}},"type":"default-arg","locations":[{"start":{"line":306,"column":30},"end":{"line":306,"column":null}}]},"28":{"loc":{"start":{"line":312,"column":36},"end":{"line":312,"column":81}},"type":"cond-expr","locations":[{"start":{"line":312,"column":66},"end":{"line":312,"column":79}},{"start":{"line":312,"column":79},"end":{"line":312,"column":81}}]},"29":{"loc":{"start":{"line":340,"column":35},"end":{"line":340,"column":78}},"type":"cond-expr","locations":[{"start":{"line":340,"column":63},"end":{"line":340,"column":76}},{"start":{"line":340,"column":76},"end":{"line":340,"column":78}}]},"30":{"loc":{"start":{"line":341,"column":36},"end":{"line":341,"column":80}},"type":"cond-expr","locations":[{"start":{"line":341,"column":65},"end":{"line":341,"column":78}},{"start":{"line":341,"column":78},"end":{"line":341,"column":80}}]},"31":{"loc":{"start":{"line":342,"column":34},"end":{"line":342,"column":76}},"type":"cond-expr","locations":[{"start":{"line":342,"column":61},"end":{"line":342,"column":74}},{"start":{"line":342,"column":74},"end":{"line":342,"column":76}}]},"32":{"loc":{"start":{"line":345,"column":50},"end":{"line":345,"column":97}},"type":"cond-expr","locations":[{"start":{"line":345,"column":78},"end":{"line":345,"column":83}},{"start":{"line":345,"column":83},"end":{"line":345,"column":97}}]},"33":{"loc":{"start":{"line":371,"column":56},"end":{"line":371,"column":91}},"type":"default-arg","locations":[{"start":{"line":371,"column":76},"end":{"line":371,"column":91}}]},"34":{"loc":{"start":{"line":372,"column":15},"end":{"line":372,"column":null}},"type":"binary-expr","locations":[{"start":{"line":372,"column":15},"end":{"line":372,"column":28}},{"start":{"line":372,"column":28},"end":{"line":372,"column":null}}]},"35":{"loc":{"start":{"line":373,"column":16},"end":{"line":373,"column":null}},"type":"binary-expr","locations":[{"start":{"line":373,"column":16},"end":{"line":373,"column":30}},{"start":{"line":373,"column":30},"end":{"line":373,"column":null}}]},"36":{"loc":{"start":{"line":380,"column":20},"end":{"line":380,"column":null}},"type":"binary-expr","locations":[{"start":{"line":380,"column":20},"end":{"line":380,"column":45}},{"start":{"line":380,"column":45},"end":{"line":380,"column":null}}]},"37":{"loc":{"start":{"line":392,"column":16},"end":{"line":392,"column":134}},"type":"cond-expr","locations":[{"start":{"line":392,"column":38},"end":{"line":392,"column":132}},{"start":{"line":392,"column":132},"end":{"line":392,"column":134}}]},"38":{"loc":{"start":{"line":399,"column":12},"end":{"line":403,"column":25}},"type":"cond-expr","locations":[{"start":{"line":399,"column":23},"end":{"line":399,"column":null}},{"start":{"line":403,"column":23},"end":{"line":403,"column":25}}]},"39":{"loc":{"start":{"line":414,"column":15},"end":{"line":414,"column":null}},"type":"binary-expr","locations":[{"start":{"line":414,"column":15},"end":{"line":414,"column":30}},{"start":{"line":414,"column":30},"end":{"line":414,"column":null}}]},"40":{"loc":{"start":{"line":415,"column":16},"end":{"line":415,"column":null}},"type":"binary-expr","locations":[{"start":{"line":415,"column":16},"end":{"line":415,"column":32}},{"start":{"line":415,"column":32},"end":{"line":415,"column":null}}]},"41":{"loc":{"start":{"line":417,"column":22},"end":{"line":417,"column":null}},"type":"binary-expr","locations":[{"start":{"line":417,"column":22},"end":{"line":417,"column":50}},{"start":{"line":417,"column":50},"end":{"line":417,"column":null}}]},"42":{"loc":{"start":{"line":443,"column":15},"end":{"line":443,"column":null}},"type":"binary-expr","locations":[{"start":{"line":443,"column":15},"end":{"line":443,"column":31}},{"start":{"line":443,"column":31},"end":{"line":443,"column":null}}]},"43":{"loc":{"start":{"line":444,"column":16},"end":{"line":444,"column":null}},"type":"binary-expr","locations":[{"start":{"line":444,"column":16},"end":{"line":444,"column":33}},{"start":{"line":444,"column":33},"end":{"line":444,"column":null}}]},"44":{"loc":{"start":{"line":446,"column":22},"end":{"line":446,"column":null}},"type":"binary-expr","locations":[{"start":{"line":446,"column":22},"end":{"line":446,"column":45}},{"start":{"line":446,"column":45},"end":{"line":446,"column":null}}]},"45":{"loc":{"start":{"line":493,"column":4},"end":{"line":495,"column":null}},"type":"if","locations":[{"start":{"line":493,"column":4},"end":{"line":495,"column":null}},{"start":{},"end":{}}]},"46":{"loc":{"start":{"line":494,"column":13},"end":{"line":494,"column":null}},"type":"binary-expr","locations":[{"start":{"line":494,"column":13},"end":{"line":494,"column":36}},{"start":{"line":494,"column":36},"end":{"line":494,"column":null}}]},"47":{"loc":{"start":{"line":510,"column":17},"end":{"line":510,"column":null}},"type":"cond-expr","locations":[{"start":{"line":510,"column":29},"end":{"line":510,"column":49}},{"start":{"line":510,"column":49},"end":{"line":510,"column":null}}]},"48":{"loc":{"start":{"line":513,"column":43},"end":{"line":513,"column":83}},"type":"cond-expr","locations":[{"start":{"line":513,"column":55},"end":{"line":513,"column":69}},{"start":{"line":513,"column":69},"end":{"line":513,"column":83}}]},"49":{"loc":{"start":{"line":538,"column":4},"end":{"line":538,"column":null}},"type":"if","locations":[{"start":{"line":538,"column":4},"end":{"line":538,"column":null}},{"start":{},"end":{}}]},"50":{"loc":{"start":{"line":541,"column":6},"end":{"line":541,"column":null}},"type":"if","locations":[{"start":{"line":541,"column":6},"end":{"line":541,"column":null}},{"start":{},"end":{}}]},"51":{"loc":{"start":{"line":578,"column":16},"end":{"line":578,"column":null}},"type":"binary-expr","locations":[{"start":{"line":578,"column":16},"end":{"line":578,"column":29}},{"start":{"line":578,"column":29},"end":{"line":578,"column":null}}]},"52":{"loc":{"start":{"line":579,"column":17},"end":{"line":579,"column":null}},"type":"binary-expr","locations":[{"start":{"line":579,"column":17},"end":{"line":579,"column":31}},{"start":{"line":579,"column":31},"end":{"line":579,"column":null}}]},"53":{"loc":{"start":{"line":580,"column":16},"end":{"line":580,"column":null}},"type":"binary-expr","locations":[{"start":{"line":580,"column":16},"end":{"line":580,"column":29}},{"start":{"line":580,"column":29},"end":{"line":580,"column":null}}]},"54":{"loc":{"start":{"line":582,"column":26},"end":{"line":582,"column":null}},"type":"binary-expr","locations":[{"start":{"line":582,"column":26},"end":{"line":582,"column":49}},{"start":{"line":582,"column":49},"end":{"line":582,"column":null}}]}},"s":{"0":0,"1":0,"2":0,"3":0,"4":0,"5":0,"6":0,"7":0,"8":0,"9":0,"10":0,"11":0,"12":0,"13":0,"14":0,"15":0,"16":0,"17":0,"18":0,"19":0,"20":0,"21":0,"22":0,"23":0,"24":0,"25":0,"26":0,"27":0,"28":0,"29":0,"30":0,"31":0,"32":0,"33":0,"34":0,"35":0,"36":0,"37":0,"38":0,"39":0,"40":0,"41":0,"42":0,"43":0,"44":0,"45":0,"46":0,"47":0,"48":0,"49":0,"50":0,"51":0,"52":0,"53":0,"54":0,"55":0,"56":0,"57":0,"58":0,"59":0,"60":0,"61":18,"62":18,"63":18,"64":18,"65":18,"66":18,"67":8,"68":8,"69":8,"70":8,"71":8,"72":12,"73":24,"74":24,"75":12,"76":1,"77":2,"78":2,"79":2,"80":2,"81":2,"82":2,"83":2,"84":2,"85":2,"86":2,"87":2,"88":2,"89":2,"90":2,"91":2,"92":2,"93":0,"94":0,"95":0,"96":0,"97":0,"98":0,"99":0,"100":0,"101":0,"102":0,"103":0,"104":0,"105":0,"106":0,"107":0,"108":0,"109":0,"110":0,"111":0,"112":0,"113":0,"114":0,"115":0,"116":0,"117":0,"118":0,"119":0,"120":0,"121":0,"122":0,"123":0,"124":0,"125":0,"126":0,"127":0,"128":0,"129":0,"130":0,"131":0,"132":0},"f":{"0":0,"1":0,"2":0,"3":0,"4":0,"5":0,"6":0,"7":0,"8":0,"9":0,"10":0,"11":0,"12":0,"13":18,"14":8,"15":12,"16":24,"17":24,"18":1,"19":2,"20":2,"21":2,"22":0,"23":0,"24":0,"25":0,"26":0,"27":0,"28":0,"29":0,"30":0,"31":0},"b":{"0":[0,0],"1":[0,0],"2":[0,0],"3":[0,0],"4":[0,0],"5":[0,0],"6":[0,0],"7":[0,0],"8":[0,0],"9":[0,0],"10":[0,0],"11":[0,0],"12":[0,0],"13":[0,0],"14":[0,0],"15":[0,0],"16":[0,0],"17":[0,0],"18":[18,2],"19":[18,1],"20":[18,0],"21":[2,16],"22":[2,16],"23":[2,16],"24":[8,2],"25":[8,1],"26":[4],"27":[10],"28":[2,22],"29":[8,4],"30":[2,10],"31":[2,10],"32":[8,4],"33":[1],"34":[2,0],"35":[2,0],"36":[2,0],"37":[0,2],"38":[1,1],"39":[2,0],"40":[2,0],"41":[2,1],"42":[2,0],"43":[2,0],"44":[2,1],"45":[0,0],"46":[0,0],"47":[0,0],"48":[0,0],"49":[0,0],"50":[0,0],"51":[0,0],"52":[0,0],"53":[0,0],"54":[0,0]}}
,"C:/Users/inken/Desktop/campfit/campfit-astro/src/lib/auth/roleRedirect.ts": {"path":"C:/Users/inken/Desktop/campfit/campfit-astro/src/lib/auth/roleRedirect.ts","statementMap":{"0":{"start":{"line":8,"column":2},"end":{"line":18,"column":null}},"1":{"start":{"line":9,"column":20},"end":{"line":9,"column":null}},"2":{"start":{"line":10,"column":4},"end":{"line":13,"column":null}},"3":{"start":{"line":11,"column":19},"end":{"line":11,"column":null}},"4":{"start":{"line":12,"column":6},"end":{"line":12,"column":null}},"5":{"start":{"line":14,"column":4},"end":{"line":14,"column":null}},"6":{"start":{"line":16,"column":4},"end":{"line":16,"column":null}},"7":{"start":{"line":17,"column":4},"end":{"line":17,"column":null}},"8":{"start":{"line":22,"column":2},"end":{"line":30,"column":null}},"9":{"start":{"line":24,"column":6},"end":{"line":24,"column":null}},"10":{"start":{"line":26,"column":6},"end":{"line":26,"column":null}},"11":{"start":{"line":29,"column":6},"end":{"line":29,"column":null}},"12":{"start":{"line":34,"column":15},"end":{"line":34,"column":null}},"13":{"start":{"line":35,"column":2},"end":{"line":39,"column":null}},"14":{"start":{"line":36,"column":4},"end":{"line":36,"column":null}},"15":{"start":{"line":38,"column":4},"end":{"line":38,"column":null}}},"fnMap":{"0":{"name":"getUserRole","decl":{"start":{"line":7,"column":22},"end":{"line":7,"column":34}},"loc":{"start":{"line":7,"column":73},"end":{"line":19,"column":null}}},"1":{"name":"getDashboardPath","decl":{"start":{"line":21,"column":16},"end":{"line":21,"column":33}},"loc":{"start":{"line":21,"column":57},"end":{"line":31,"column":null}}},"2":{"name":"redirectByRole","decl":{"start":{"line":33,"column":22},"end":{"line":33,"column":37}},"loc":{"start":{"line":33,"column":65},"end":{"line":40,"column":null}}}},"branchMap":{"0":{"loc":{"start":{"line":10,"column":4},"end":{"line":13,"column":null}},"type":"if","locations":[{"start":{"line":10,"column":4},"end":{"line":13,"column":null}},{"start":{},"end":{}}]},"1":{"loc":{"start":{"line":12,"column":14},"end":{"line":12,"column":null}},"type":"binary-expr","locations":[{"start":{"line":12,"column":14},"end":{"line":12,"column":40}},{"start":{"line":12,"column":40},"end":{"line":12,"column":null}}]},"2":{"loc":{"start":{"line":22,"column":2},"end":{"line":30,"column":null}},"type":"switch","locations":[{"start":{"line":23,"column":4},"end":{"line":24,"column":null}},{"start":{"line":25,"column":4},"end":{"line":26,"column":null}},{"start":{"line":27,"column":4},"end":{"line":27,"column":null}},{"start":{"line":28,"column":4},"end":{"line":29,"column":null}}]},"3":{"loc":{"start":{"line":35,"column":2},"end":{"line":39,"column":null}},"type":"if","locations":[{"start":{"line":35,"column":2},"end":{"line":39,"column":null}},{"start":{"line":37,"column":9},"end":{"line":39,"column":null}}]}},"s":{"0":0,"1":0,"2":0,"3":0,"4":0,"5":0,"6":0,"7":0,"8":4,"9":1,"10":1,"11":2,"12":0,"13":0,"14":0,"15":0},"f":{"0":0,"1":4,"2":0},"b":{"0":[0,0],"1":[0,0],"2":[1,1,1,2],"3":[0,0]}}
,"C:/Users/inken/Desktop/campfit/campfit-astro/src/lib/client/dietService.ts": {"path":"C:/Users/inken/Desktop/campfit/campfit-astro/src/lib/client/dietService.ts","statementMap":{"0":{"start":{"line":39,"column":2},"end":{"line":42,"column":null}},"1":{"start":{"line":40,"column":4},"end":{"line":40,"column":null}},"2":{"start":{"line":41,"column":4},"end":{"line":41,"column":null}},"3":{"start":{"line":44,"column":12},"end":{"line":49,"column":null}},"4":{"start":{"line":51,"column":2},"end":{"line":61,"column":null}},"5":{"start":{"line":54,"column":6},"end":{"line":54,"column":null}},"6":{"start":{"line":54,"column":41},"end":{"line":54,"column":79}},"7":{"start":{"line":57,"column":6},"end":{"line":57,"column":null}},"8":{"start":{"line":58,"column":6},"end":{"line":58,"column":null}},"9":{"start":{"line":58,"column":19},"end":{"line":58,"column":null}},"10":{"start":{"line":59,"column":6},"end":{"line":59,"column":null}},"11":{"start":{"line":73,"column":2},"end":{"line":76,"column":null}},"12":{"start":{"line":74,"column":4},"end":{"line":74,"column":null}},"13":{"start":{"line":75,"column":4},"end":{"line":75,"column":null}},"14":{"start":{"line":78,"column":12},"end":{"line":82,"column":null}},"15":{"start":{"line":84,"column":2},"end":{"line":94,"column":null}},"16":{"start":{"line":87,"column":6},"end":{"line":87,"column":null}},"17":{"start":{"line":87,"column":41},"end":{"line":87,"column":79}},"18":{"start":{"line":90,"column":6},"end":{"line":90,"column":null}},"19":{"start":{"line":91,"column":6},"end":{"line":91,"column":null}},"20":{"start":{"line":91,"column":19},"end":{"line":91,"column":null}},"21":{"start":{"line":92,"column":6},"end":{"line":92,"column":null}},"22":{"start":{"line":109,"column":2},"end":{"line":112,"column":null}},"23":{"start":{"line":110,"column":4},"end":{"line":110,"column":null}},"24":{"start":{"line":111,"column":4},"end":{"line":111,"column":null}},"25":{"start":{"line":114,"column":2},"end":{"line":132,"column":null}},"26":{"start":{"line":115,"column":19},"end":{"line":127,"column":null}},"27":{"start":{"line":128,"column":4},"end":{"line":128,"column":null}},"28":{"start":{"line":130,"column":4},"end":{"line":130,"column":null}},"29":{"start":{"line":131,"column":4},"end":{"line":131,"column":null}},"30":{"start":{"line":145,"column":2},"end":{"line":148,"column":null}},"31":{"start":{"line":146,"column":4},"end":{"line":146,"column":null}},"32":{"start":{"line":147,"column":4},"end":{"line":147,"column":null}},"33":{"start":{"line":151,"column":14},"end":{"line":151,"column":null}},"34":{"start":{"line":152,"column":21},"end":{"line":152,"column":null}},"35":{"start":{"line":153,"column":19},"end":{"line":153,"column":null}},"36":{"start":{"line":155,"column":12},"end":{"line":162,"column":null}},"37":{"start":{"line":164,"column":2},"end":{"line":178,"column":null}},"38":{"start":{"line":167,"column":27},"end":{"line":170,"column":null}},"39":{"start":{"line":168,"column":23},"end":{"line":168,"column":60}},"40":{"start":{"line":169,"column":20},"end":{"line":169,"column":38}},"41":{"start":{"line":171,"column":6},"end":{"line":171,"column":null}},"42":{"start":{"line":174,"column":6},"end":{"line":174,"column":null}},"43":{"start":{"line":175,"column":6},"end":{"line":175,"column":null}},"44":{"start":{"line":175,"column":19},"end":{"line":175,"column":null}},"45":{"start":{"line":176,"column":6},"end":{"line":176,"column":null}}},"fnMap":{"0":{"name":"subscribeToDiets","decl":{"start":{"line":34,"column":16},"end":{"line":34,"column":null}},"loc":{"start":{"line":38,"column":15},"end":{"line":62,"column":null}}},"1":{"name":"(anonymous_1)","decl":{"start":{"line":41,"column":11},"end":{"line":41,"column":17}},"loc":{"start":{"line":41,"column":17},"end":{"line":41,"column":null}}},"2":{"name":"(anonymous_2)","decl":{"start":{"line":53,"column":4},"end":{"line":53,"column":5}},"loc":{"start":{"line":53,"column":18},"end":{"line":55,"column":null}}},"3":{"name":"(anonymous_3)","decl":{"start":{"line":54,"column":33},"end":{"line":54,"column":41}},"loc":{"start":{"line":54,"column":41},"end":{"line":54,"column":79}}},"4":{"name":"(anonymous_4)","decl":{"start":{"line":56,"column":4},"end":{"line":56,"column":5}},"loc":{"start":{"line":56,"column":15},"end":{"line":60,"column":null}}},"5":{"name":"subscribeToDietHistory","decl":{"start":{"line":68,"column":16},"end":{"line":68,"column":null}},"loc":{"start":{"line":72,"column":15},"end":{"line":95,"column":null}}},"6":{"name":"(anonymous_6)","decl":{"start":{"line":75,"column":11},"end":{"line":75,"column":17}},"loc":{"start":{"line":75,"column":17},"end":{"line":75,"column":null}}},"7":{"name":"(anonymous_7)","decl":{"start":{"line":86,"column":4},"end":{"line":86,"column":5}},"loc":{"start":{"line":86,"column":18},"end":{"line":88,"column":null}}},"8":{"name":"(anonymous_8)","decl":{"start":{"line":87,"column":33},"end":{"line":87,"column":41}},"loc":{"start":{"line":87,"column":41},"end":{"line":87,"column":79}}},"9":{"name":"(anonymous_9)","decl":{"start":{"line":89,"column":4},"end":{"line":89,"column":5}},"loc":{"start":{"line":89,"column":15},"end":{"line":93,"column":null}}},"10":{"name":"registerMealComplete","decl":{"start":{"line":103,"column":22},"end":{"line":103,"column":null}},"loc":{"start":{"line":108,"column":34},"end":{"line":133,"column":null}}},"11":{"name":"subscribeToTodayMeals","decl":{"start":{"line":140,"column":16},"end":{"line":140,"column":null}},"loc":{"start":{"line":144,"column":15},"end":{"line":179,"column":null}}},"12":{"name":"(anonymous_12)","decl":{"start":{"line":147,"column":11},"end":{"line":147,"column":17}},"loc":{"start":{"line":147,"column":17},"end":{"line":147,"column":null}}},"13":{"name":"(anonymous_13)","decl":{"start":{"line":166,"column":4},"end":{"line":166,"column":5}},"loc":{"start":{"line":166,"column":18},"end":{"line":172,"column":null}}},"14":{"name":"(anonymous_14)","decl":{"start":{"line":168,"column":16},"end":{"line":168,"column":23}},"loc":{"start":{"line":168,"column":23},"end":{"line":168,"column":60}}},"15":{"name":"(anonymous_15)","decl":{"start":{"line":169,"column":13},"end":{"line":169,"column":20}},"loc":{"start":{"line":169,"column":20},"end":{"line":169,"column":38}}},"16":{"name":"(anonymous_16)","decl":{"start":{"line":173,"column":4},"end":{"line":173,"column":5}},"loc":{"start":{"line":173,"column":15},"end":{"line":177,"column":null}}}},"branchMap":{"0":{"loc":{"start":{"line":39,"column":2},"end":{"line":42,"column":null}},"type":"if","locations":[{"start":{"line":39,"column":2},"end":{"line":42,"column":null}},{"start":{},"end":{}}]},"1":{"loc":{"start":{"line":58,"column":6},"end":{"line":58,"column":null}},"type":"if","locations":[{"start":{"line":58,"column":6},"end":{"line":58,"column":null}},{"start":{},"end":{}}]},"2":{"loc":{"start":{"line":73,"column":2},"end":{"line":76,"column":null}},"type":"if","locations":[{"start":{"line":73,"column":2},"end":{"line":76,"column":null}},{"start":{},"end":{}}]},"3":{"loc":{"start":{"line":91,"column":6},"end":{"line":91,"column":null}},"type":"if","locations":[{"start":{"line":91,"column":6},"end":{"line":91,"column":null}},{"start":{},"end":{}}]},"4":{"loc":{"start":{"line":109,"column":2},"end":{"line":112,"column":null}},"type":"if","locations":[{"start":{"line":109,"column":2},"end":{"line":112,"column":null}},{"start":{},"end":{}}]},"5":{"loc":{"start":{"line":109,"column":6},"end":{"line":109,"column":39}},"type":"binary-expr","locations":[{"start":{"line":109,"column":6},"end":{"line":109,"column":19}},{"start":{"line":109,"column":19},"end":{"line":109,"column":30}},{"start":{"line":109,"column":30},"end":{"line":109,"column":39}}]},"6":{"loc":{"start":{"line":145,"column":2},"end":{"line":148,"column":null}},"type":"if","locations":[{"start":{"line":145,"column":2},"end":{"line":148,"column":null}},{"start":{},"end":{}}]},"7":{"loc":{"start":{"line":175,"column":6},"end":{"line":175,"column":null}},"type":"if","locations":[{"start":{"line":175,"column":6},"end":{"line":175,"column":null}},{"start":{},"end":{}}]}},"s":{"0":6,"1":1,"2":1,"3":5,"4":5,"5":3,"6":1,"7":1,"8":1,"9":1,"10":1,"11":4,"12":1,"13":1,"14":3,"15":3,"16":2,"17":2,"18":1,"19":1,"20":1,"21":1,"22":6,"23":3,"24":3,"25":3,"26":3,"27":2,"28":1,"29":1,"30":5,"31":1,"32":1,"33":4,"34":4,"35":4,"36":4,"37":4,"38":3,"39":3,"40":2,"41":3,"42":1,"43":1,"44":1,"45":1},"f":{"0":6,"1":1,"2":3,"3":1,"4":1,"5":4,"6":1,"7":2,"8":2,"9":1,"10":6,"11":5,"12":1,"13":3,"14":3,"15":2,"16":1},"b":{"0":[1,5],"1":[1,0],"2":[1,3],"3":[1,0],"4":[3,3],"5":[6,5,4],"6":[1,4],"7":[1,0]}}
,"C:/Users/inken/Desktop/campfit/campfit-astro/src/lib/client/progressService.ts": {"path":"C:/Users/inken/Desktop/campfit/campfit-astro/src/lib/client/progressService.ts","statementMap":{"0":{"start":{"line":22,"column":2},"end":{"line":25,"column":null}},"1":{"start":{"line":23,"column":4},"end":{"line":23,"column":null}},"2":{"start":{"line":24,"column":4},"end":{"line":24,"column":null}},"3":{"start":{"line":27,"column":12},"end":{"line":33,"column":null}},"4":{"start":{"line":35,"column":2},"end":{"line":45,"column":null}},"5":{"start":{"line":38,"column":6},"end":{"line":38,"column":null}},"6":{"start":{"line":38,"column":41},"end":{"line":38,"column":86}},"7":{"start":{"line":41,"column":6},"end":{"line":41,"column":null}},"8":{"start":{"line":42,"column":6},"end":{"line":42,"column":null}},"9":{"start":{"line":42,"column":19},"end":{"line":42,"column":null}},"10":{"start":{"line":43,"column":6},"end":{"line":43,"column":null}},"11":{"start":{"line":49,"column":2},"end":{"line":51,"column":null}},"12":{"start":{"line":50,"column":4},"end":{"line":50,"column":null}},"13":{"start":{"line":53,"column":2},"end":{"line":59,"column":null}}},"fnMap":{"0":{"name":"subscribeToProgress","decl":{"start":{"line":15,"column":16},"end":{"line":15,"column":null}},"loc":{"start":{"line":21,"column":15},"end":{"line":46,"column":null}}},"1":{"name":"(anonymous_1)","decl":{"start":{"line":24,"column":11},"end":{"line":24,"column":17}},"loc":{"start":{"line":24,"column":17},"end":{"line":24,"column":null}}},"2":{"name":"(anonymous_2)","decl":{"start":{"line":37,"column":4},"end":{"line":37,"column":5}},"loc":{"start":{"line":37,"column":18},"end":{"line":39,"column":null}}},"3":{"name":"(anonymous_3)","decl":{"start":{"line":38,"column":33},"end":{"line":38,"column":41}},"loc":{"start":{"line":38,"column":41},"end":{"line":38,"column":86}}},"4":{"name":"(anonymous_4)","decl":{"start":{"line":40,"column":4},"end":{"line":40,"column":5}},"loc":{"start":{"line":40,"column":15},"end":{"line":44,"column":null}}},"5":{"name":"registerWeight","decl":{"start":{"line":48,"column":22},"end":{"line":48,"column":37}},"loc":{"start":{"line":48,"column":87},"end":{"line":60,"column":null}}}},"branchMap":{"0":{"loc":{"start":{"line":19,"column":2},"end":{"line":19,"column":null}},"type":"default-arg","locations":[{"start":{"line":19,"column":23},"end":{"line":19,"column":null}}]},"1":{"loc":{"start":{"line":22,"column":2},"end":{"line":25,"column":null}},"type":"if","locations":[{"start":{"line":22,"column":2},"end":{"line":25,"column":null}},{"start":{},"end":{}}]},"2":{"loc":{"start":{"line":42,"column":6},"end":{"line":42,"column":null}},"type":"if","locations":[{"start":{"line":42,"column":6},"end":{"line":42,"column":null}},{"start":{},"end":{}}]},"3":{"loc":{"start":{"line":49,"column":2},"end":{"line":51,"column":null}},"type":"if","locations":[{"start":{"line":49,"column":2},"end":{"line":51,"column":null}},{"start":{},"end":{}}]},"4":{"loc":{"start":{"line":49,"column":6},"end":{"line":49,"column":50}},"type":"binary-expr","locations":[{"start":{"line":49,"column":6},"end":{"line":49,"column":19}},{"start":{"line":49,"column":19},"end":{"line":49,"column":37}},{"start":{"line":49,"column":37},"end":{"line":49,"column":50}}]},"5":{"loc":{"start":{"line":57,"column":28},"end":{"line":57,"column":48}},"type":"binary-expr","locations":[{"start":{"line":57,"column":28},"end":{"line":57,"column":45}},{"start":{"line":57,"column":45},"end":{"line":57,"column":48}}]}},"s":{"0":6,"1":1,"2":1,"3":5,"4":5,"5":3,"6":1,"7":1,"8":1,"9":1,"10":1,"11":8,"12":4,"13":4},"f":{"0":6,"1":1,"2":3,"3":1,"4":1,"5":8},"b":{"0":[5],"1":[1,5],"2":[1,0],"3":[4,4],"4":[8,7,6],"5":[4,2]}}
,"C:/Users/inken/Desktop/campfit/campfit-astro/src/lib/client/supportService.ts": {"path":"C:/Users/inken/Desktop/campfit/campfit-astro/src/lib/client/supportService.ts","statementMap":{"0":{"start":{"line":12,"column":2},"end":{"line":33,"column":null}},"1":{"start":{"line":40,"column":15},"end":{"line":40,"column":null}},"2":{"start":{"line":41,"column":18},"end":{"line":41,"column":null}},"3":{"start":{"line":42,"column":2},"end":{"line":42,"column":null}},"4":{"start":{"line":42,"column":16},"end":{"line":42,"column":null}},"5":{"start":{"line":44,"column":2},"end":{"line":48,"column":null}},"6":{"start":{"line":46,"column":6},"end":{"line":47,"column":null}}},"fnMap":{"0":{"name":"getFaqs","decl":{"start":{"line":11,"column":16},"end":{"line":11,"column":37}},"loc":{"start":{"line":11,"column":37},"end":{"line":34,"column":null}}},"1":{"name":"searchFaqs","decl":{"start":{"line":39,"column":16},"end":{"line":39,"column":27}},"loc":{"start":{"line":39,"column":53},"end":{"line":49,"column":null}}},"2":{"name":"(anonymous_2)","decl":{"start":{"line":45,"column":4},"end":{"line":45,"column":5}},"loc":{"start":{"line":46,"column":6},"end":{"line":47,"column":null}}}},"branchMap":{"0":{"loc":{"start":{"line":42,"column":2},"end":{"line":42,"column":null}},"type":"if","locations":[{"start":{"line":42,"column":2},"end":{"line":42,"column":null}},{"start":{},"end":{}}]},"1":{"loc":{"start":{"line":46,"column":6},"end":{"line":47,"column":null}},"type":"binary-expr","locations":[{"start":{"line":46,"column":6},"end":{"line":46,"column":null}},{"start":{"line":47,"column":6},"end":{"line":47,"column":null}}]}},"s":{"0":4,"1":3,"2":3,"3":3,"4":1,"5":2,"6":10},"f":{"0":4,"1":3,"2":10},"b":{"0":[1,2],"1":[10,9]}}
,"C:/Users/inken/Desktop/campfit/campfit-astro/src/lib/client/workoutService.ts": {"path":"C:/Users/inken/Desktop/campfit/campfit-astro/src/lib/client/workoutService.ts","statementMap":{"0":{"start":{"line":35,"column":2},"end":{"line":38,"column":null}},"1":{"start":{"line":36,"column":4},"end":{"line":36,"column":null}},"2":{"start":{"line":37,"column":4},"end":{"line":37,"column":null}},"3":{"start":{"line":40,"column":12},"end":{"line":45,"column":null}},"4":{"start":{"line":47,"column":2},"end":{"line":57,"column":null}},"5":{"start":{"line":50,"column":6},"end":{"line":50,"column":null}},"6":{"start":{"line":50,"column":41},"end":{"line":50,"column":82}},"7":{"start":{"line":53,"column":6},"end":{"line":53,"column":null}},"8":{"start":{"line":54,"column":6},"end":{"line":54,"column":null}},"9":{"start":{"line":54,"column":19},"end":{"line":54,"column":null}},"10":{"start":{"line":55,"column":6},"end":{"line":55,"column":null}}},"fnMap":{"0":{"name":"subscribeToWorkouts","decl":{"start":{"line":30,"column":16},"end":{"line":30,"column":null}},"loc":{"start":{"line":34,"column":15},"end":{"line":58,"column":null}}},"1":{"name":"(anonymous_1)","decl":{"start":{"line":37,"column":11},"end":{"line":37,"column":17}},"loc":{"start":{"line":37,"column":17},"end":{"line":37,"column":null}}},"2":{"name":"(anonymous_2)","decl":{"start":{"line":49,"column":4},"end":{"line":49,"column":5}},"loc":{"start":{"line":49,"column":18},"end":{"line":51,"column":null}}},"3":{"name":"(anonymous_3)","decl":{"start":{"line":50,"column":33},"end":{"line":50,"column":41}},"loc":{"start":{"line":50,"column":41},"end":{"line":50,"column":82}}},"4":{"name":"(anonymous_4)","decl":{"start":{"line":52,"column":4},"end":{"line":52,"column":5}},"loc":{"start":{"line":52,"column":15},"end":{"line":56,"column":null}}}},"branchMap":{"0":{"loc":{"start":{"line":35,"column":2},"end":{"line":38,"column":null}},"type":"if","locations":[{"start":{"line":35,"column":2},"end":{"line":38,"column":null}},{"start":{},"end":{}}]},"1":{"loc":{"start":{"line":54,"column":6},"end":{"line":54,"column":null}},"type":"if","locations":[{"start":{"line":54,"column":6},"end":{"line":54,"column":null}},{"start":{},"end":{}}]}},"s":{"0":6,"1":1,"2":1,"3":5,"4":5,"5":3,"6":1,"7":1,"8":1,"9":1,"10":1},"f":{"0":6,"1":1,"2":3,"3":1,"4":1},"b":{"0":[1,5],"1":[1,0]}}
,"C:/Users/inken/Desktop/campfit/campfit-astro/src/lib/debug/firestoreDebug.ts": {"path":"C:/Users/inken/Desktop/campfit/campfit-astro/src/lib/debug/firestoreDebug.ts","statementMap":{"0":{"start":{"line":29,"column":18},"end":{"line":29,"column":null}},"1":{"start":{"line":30,"column":17},"end":{"line":30,"column":null}},"2":{"start":{"line":51,"column":29},"end":{"line":51,"column":null}},"3":{"start":{"line":54,"column":2},"end":{"line":61,"column":null}},"4":{"start":{"line":57,"column":19},"end":{"line":57,"column":null}},"5":{"start":{"line":58,"column":6},"end":{"line":58,"column":null}},"6":{"start":{"line":58,"column":26},"end":{"line":58,"column":null}},"7":{"start":{"line":59,"column":6},"end":{"line":59,"column":null}},"8":{"start":{"line":64,"column":2},"end":{"line":123,"column":null}},"9":{"start":{"line":65,"column":4},"end":{"line":72,"column":null}},"10":{"start":{"line":68,"column":18},"end":{"line":68,"column":null}},"11":{"start":{"line":69,"column":21},"end":{"line":69,"column":null}},"12":{"start":{"line":70,"column":8},"end":{"line":70,"column":null}},"13":{"start":{"line":74,"column":4},"end":{"line":81,"column":null}},"14":{"start":{"line":77,"column":18},"end":{"line":77,"column":null}},"15":{"start":{"line":78,"column":21},"end":{"line":78,"column":null}},"16":{"start":{"line":79,"column":8},"end":{"line":79,"column":null}},"17":{"start":{"line":83,"column":4},"end":{"line":90,"column":null}},"18":{"start":{"line":86,"column":18},"end":{"line":86,"column":null}},"19":{"start":{"line":87,"column":21},"end":{"line":87,"column":null}},"20":{"start":{"line":88,"column":8},"end":{"line":88,"column":null}},"21":{"start":{"line":92,"column":4},"end":{"line":98,"column":null}},"22":{"start":{"line":95,"column":21},"end":{"line":95,"column":null}},"23":{"start":{"line":96,"column":8},"end":{"line":96,"column":null}},"24":{"start":{"line":100,"column":4},"end":{"line":106,"column":null}},"25":{"start":{"line":103,"column":21},"end":{"line":103,"column":null}},"26":{"start":{"line":104,"column":8},"end":{"line":104,"column":null}},"27":{"start":{"line":108,"column":4},"end":{"line":114,"column":null}},"28":{"start":{"line":111,"column":21},"end":{"line":111,"column":null}},"29":{"start":{"line":112,"column":8},"end":{"line":112,"column":null}},"30":{"start":{"line":116,"column":4},"end":{"line":122,"column":null}},"31":{"start":{"line":119,"column":21},"end":{"line":119,"column":null}},"32":{"start":{"line":120,"column":8},"end":{"line":120,"column":null}},"33":{"start":{"line":126,"column":2},"end":{"line":186,"column":null}},"34":{"start":{"line":127,"column":4},"end":{"line":139,"column":null}},"35":{"start":{"line":130,"column":18},"end":{"line":135,"column":null}},"36":{"start":{"line":136,"column":21},"end":{"line":136,"column":null}},"37":{"start":{"line":137,"column":8},"end":{"line":137,"column":null}},"38":{"start":{"line":141,"column":4},"end":{"line":148,"column":null}},"39":{"start":{"line":144,"column":18},"end":{"line":144,"column":null}},"40":{"start":{"line":145,"column":21},"end":{"line":145,"column":null}},"41":{"start":{"line":146,"column":8},"end":{"line":146,"column":null}},"42":{"start":{"line":150,"column":4},"end":{"line":157,"column":null}},"43":{"start":{"line":153,"column":18},"end":{"line":153,"column":null}},"44":{"start":{"line":154,"column":21},"end":{"line":154,"column":null}},"45":{"start":{"line":155,"column":8},"end":{"line":155,"column":null}},"46":{"start":{"line":159,"column":4},"end":{"line":171,"column":null}},"47":{"start":{"line":162,"column":18},"end":{"line":167,"column":null}},"48":{"start":{"line":168,"column":21},"end":{"line":168,"column":null}},"49":{"start":{"line":169,"column":8},"end":{"line":169,"column":null}},"50":{"start":{"line":173,"column":4},"end":{"line":185,"column":null}},"51":{"start":{"line":176,"column":18},"end":{"line":181,"column":null}},"52":{"start":{"line":182,"column":21},"end":{"line":182,"column":null}},"53":{"start":{"line":183,"column":8},"end":{"line":183,"column":null}},"54":{"start":{"line":189,"column":2},"end":{"line":245,"column":null}},"55":{"start":{"line":190,"column":4},"end":{"line":197,"column":null}},"56":{"start":{"line":193,"column":18},"end":{"line":193,"column":null}},"57":{"start":{"line":194,"column":21},"end":{"line":194,"column":null}},"58":{"start":{"line":195,"column":8},"end":{"line":195,"column":null}},"59":{"start":{"line":199,"column":4},"end":{"line":206,"column":null}},"60":{"start":{"line":202,"column":18},"end":{"line":202,"column":null}},"61":{"start":{"line":203,"column":21},"end":{"line":203,"column":null}},"62":{"start":{"line":204,"column":8},"end":{"line":204,"column":null}},"63":{"start":{"line":208,"column":4},"end":{"line":221,"column":null}},"64":{"start":{"line":211,"column":18},"end":{"line":217,"column":null}},"65":{"start":{"line":218,"column":21},"end":{"line":218,"column":null}},"66":{"start":{"line":219,"column":8},"end":{"line":219,"column":null}},"67":{"start":{"line":223,"column":4},"end":{"line":230,"column":null}},"68":{"start":{"line":226,"column":18},"end":{"line":226,"column":null}},"69":{"start":{"line":227,"column":21},"end":{"line":227,"column":null}},"70":{"start":{"line":228,"column":8},"end":{"line":228,"column":null}},"71":{"start":{"line":232,"column":4},"end":{"line":244,"column":null}},"72":{"start":{"line":235,"column":18},"end":{"line":240,"column":null}},"73":{"start":{"line":241,"column":21},"end":{"line":241,"column":null}},"74":{"start":{"line":242,"column":8},"end":{"line":242,"column":null}},"75":{"start":{"line":247,"column":2},"end":{"line":247,"column":null}},"76":{"start":{"line":255,"column":19},"end":{"line":255,"column":null}},"77":{"start":{"line":256,"column":2},"end":{"line":256,"column":null}},"78":{"start":{"line":256,"column":16},"end":{"line":256,"column":null}},"79":{"start":{"line":258,"column":16},"end":{"line":258,"column":null}},"80":{"start":{"line":259,"column":2},"end":{"line":259,"column":null}},"81":{"start":{"line":260,"column":2},"end":{"line":260,"column":null}},"82":{"start":{"line":299,"column":2},"end":{"line":299,"column":null}},"83":{"start":{"line":302,"column":2},"end":{"line":302,"column":null}},"84":{"start":{"line":302,"column":58},"end":{"line":302,"column":null}},"85":{"start":{"line":303,"column":2},"end":{"line":303,"column":null}},"86":{"start":{"line":303,"column":60},"end":{"line":303,"column":null}},"87":{"start":{"line":306,"column":21},"end":{"line":311,"column":null}},"88":{"start":{"line":307,"column":4},"end":{"line":310,"column":null}},"89":{"start":{"line":308,"column":6},"end":{"line":308,"column":null}},"90":{"start":{"line":309,"column":6},"end":{"line":309,"column":null}},"91":{"start":{"line":312,"column":2},"end":{"line":312,"column":null}},"92":{"start":{"line":314,"column":2},"end":{"line":314,"column":null}},"93":{"start":{"line":318,"column":25},"end":{"line":318,"column":null}},"94":{"start":{"line":319,"column":18},"end":{"line":319,"column":null}},"95":{"start":{"line":320,"column":22},"end":{"line":320,"column":null}},"96":{"start":{"line":322,"column":21},"end":{"line":322,"column":null}},"97":{"start":{"line":324,"column":2},"end":{"line":327,"column":null}},"98":{"start":{"line":325,"column":4},"end":{"line":325,"column":null}},"99":{"start":{"line":326,"column":4},"end":{"line":326,"column":null}},"100":{"start":{"line":330,"column":2},"end":{"line":339,"column":null}},"101":{"start":{"line":332,"column":16},"end":{"line":334,"column":null}},"102":{"start":{"line":342,"column":32},"end":{"line":342,"column":null}},"103":{"start":{"line":343,"column":2},"end":{"line":396,"column":null}},"104":{"start":{"line":343,"column":15},"end":{"line":343,"column":18}},"105":{"start":{"line":344,"column":19},"end":{"line":344,"column":null}},"106":{"start":{"line":345,"column":4},"end":{"line":345,"column":null}},"107":{"start":{"line":346,"column":26},"end":{"line":346,"column":null}},"108":{"start":{"line":347,"column":4},"end":{"line":349,"column":null}},"109":{"start":{"line":348,"column":6},"end":{"line":348,"column":null}},"110":{"start":{"line":351,"column":18},"end":{"line":351,"column":null}},"111":{"start":{"line":352,"column":17},"end":{"line":352,"column":null}},"112":{"start":{"line":353,"column":4},"end":{"line":395,"column":null}},"113":{"start":{"line":354,"column":21},"end":{"line":354,"column":null}},"114":{"start":{"line":355,"column":23},"end":{"line":355,"column":null}},"115":{"start":{"line":357,"column":6},"end":{"line":379,"column":null}},"116":{"start":{"line":358,"column":8},"end":{"line":358,"column":null}},"117":{"start":{"line":359,"column":27},"end":{"line":359,"column":null}},"118":{"start":{"line":360,"column":8},"end":{"line":362,"column":null}},"119":{"start":{"line":361,"column":10},"end":{"line":361,"column":null}},"120":{"start":{"line":363,"column":8},"end":{"line":368,"column":null}},"121":{"start":{"line":364,"column":28},"end":{"line":364,"column":null}},"122":{"start":{"line":365,"column":10},"end":{"line":365,"column":null}},"123":{"start":{"line":366,"column":10},"end":{"line":366,"column":null}},"124":{"start":{"line":367,"column":10},"end":{"line":367,"column":null}},"125":{"start":{"line":370,"column":8},"end":{"line":370,"column":null}},"126":{"start":{"line":371,"column":29},"end":{"line":371,"column":null}},"127":{"start":{"line":372,"column":8},"end":{"line":374,"column":null}},"128":{"start":{"line":373,"column":10},"end":{"line":373,"column":null}},"129":{"start":{"line":375,"column":25},"end":{"line":375,"column":null}},"130":{"start":{"line":376,"column":8},"end":{"line":376,"column":null}},"131":{"start":{"line":377,"column":8},"end":{"line":377,"column":null}},"132":{"start":{"line":378,"column":8},"end":{"line":378,"column":null}},"133":{"start":{"line":381,"column":6},"end":{"line":381,"column":null}},"134":{"start":{"line":383,"column":23},"end":{"line":383,"column":null}},"135":{"start":{"line":384,"column":23},"end":{"line":384,"column":null}},"136":{"start":{"line":385,"column":6},"end":{"line":385,"column":null}},"137":{"start":{"line":386,"column":23},"end":{"line":386,"column":null}},"138":{"start":{"line":387,"column":6},"end":{"line":389,"column":null}},"139":{"start":{"line":388,"column":8},"end":{"line":388,"column":null}},"140":{"start":{"line":390,"column":23},"end":{"line":390,"column":null}},"141":{"start":{"line":391,"column":6},"end":{"line":391,"column":null}},"142":{"start":{"line":392,"column":6},"end":{"line":392,"column":null}},"143":{"start":{"line":393,"column":6},"end":{"line":393,"column":null}},"144":{"start":{"line":394,"column":6},"end":{"line":394,"column":null}},"145":{"start":{"line":399,"column":13},"end":{"line":399,"column":null}},"146":{"start":{"line":399,"column":35},"end":{"line":399,"column":39}},"147":{"start":{"line":400,"column":15},"end":{"line":400,"column":null}},"148":{"start":{"line":400,"column":37},"end":{"line":400,"column":42}},"149":{"start":{"line":401,"column":2},"end":{"line":401,"column":null}},"150":{"start":{"line":403,"column":2},"end":{"line":409,"column":null}},"151":{"start":{"line":404,"column":4},"end":{"line":404,"column":null}},"152":{"start":{"line":405,"column":4},"end":{"line":405,"column":null}},"153":{"start":{"line":407,"column":4},"end":{"line":407,"column":null}},"154":{"start":{"line":408,"column":4},"end":{"line":408,"column":null}},"155":{"start":{"line":416,"column":18},"end":{"line":416,"column":null}},"156":{"start":{"line":419,"column":2},"end":{"line":419,"column":null}},"157":{"start":{"line":419,"column":19},"end":{"line":419,"column":null}},"158":{"start":{"line":420,"column":2},"end":{"line":420,"column":null}},"159":{"start":{"line":422,"column":2},"end":{"line":428,"column":null}},"160":{"start":{"line":424,"column":4},"end":{"line":427,"column":null}},"161":{"start":{"line":425,"column":6},"end":{"line":425,"column":null}},"162":{"start":{"line":426,"column":6},"end":{"line":426,"column":null}},"163":{"start":{"line":431,"column":3},"end":{"line":431,"column":null}},"164":{"start":{"line":433,"column":2},"end":{"line":433,"column":null}},"165":{"start":{"line":437,"column":16},"end":{"line":437,"column":null}},"166":{"start":{"line":438,"column":19},"end":{"line":438,"column":null}},"167":{"start":{"line":441,"column":23},"end":{"line":441,"column":null}},"168":{"start":{"line":442,"column":2},"end":{"line":445,"column":null}},"169":{"start":{"line":443,"column":4},"end":{"line":443,"column":null}},"170":{"start":{"line":444,"column":4},"end":{"line":444,"column":null}},"171":{"start":{"line":447,"column":2},"end":{"line":447,"column":null}},"172":{"start":{"line":450,"column":2},"end":{"line":466,"column":null}},"173":{"start":{"line":451,"column":20},"end":{"line":451,"column":null}},"174":{"start":{"line":452,"column":21},"end":{"line":452,"column":null}},"175":{"start":{"line":453,"column":17},"end":{"line":453,"column":null}},"176":{"start":{"line":454,"column":4},"end":{"line":454,"column":null}},"177":{"start":{"line":457,"column":4},"end":{"line":457,"column":null}},"178":{"start":{"line":459,"column":21},"end":{"line":459,"column":null}},"179":{"start":{"line":460,"column":4},"end":{"line":460,"column":null}},"180":{"start":{"line":461,"column":27},"end":{"line":461,"column":null}},"181":{"start":{"line":462,"column":4},"end":{"line":464,"column":null}},"182":{"start":{"line":474,"column":0},"end":{"line":480,"column":null}},"183":{"start":{"line":475,"column":2},"end":{"line":479,"column":null}},"184":{"start":{"line":476,"column":4},"end":{"line":476,"column":null}},"185":{"start":{"line":476,"column":56},"end":{"line":476,"column":76}},"186":{"start":{"line":478,"column":4},"end":{"line":478,"column":null}}},"fnMap":{"0":{"name":"getQueryTests","decl":{"start":{"line":50,"column":9},"end":{"line":50,"column":23}},"loc":{"start":{"line":50,"column":63},"end":{"line":248,"column":null}}},"1":{"name":"(anonymous_1)","decl":{"start":{"line":56,"column":9},"end":{"line":56,"column":21}},"loc":{"start":{"line":56,"column":21},"end":{"line":60,"column":null}}},"2":{"name":"(anonymous_2)","decl":{"start":{"line":67,"column":11},"end":{"line":67,"column":23}},"loc":{"start":{"line":67,"column":23},"end":{"line":71,"column":null}}},"3":{"name":"(anonymous_3)","decl":{"start":{"line":76,"column":11},"end":{"line":76,"column":23}},"loc":{"start":{"line":76,"column":23},"end":{"line":80,"column":null}}},"4":{"name":"(anonymous_4)","decl":{"start":{"line":85,"column":11},"end":{"line":85,"column":23}},"loc":{"start":{"line":85,"column":23},"end":{"line":89,"column":null}}},"5":{"name":"(anonymous_5)","decl":{"start":{"line":94,"column":11},"end":{"line":94,"column":23}},"loc":{"start":{"line":94,"column":23},"end":{"line":97,"column":null}}},"6":{"name":"(anonymous_6)","decl":{"start":{"line":102,"column":11},"end":{"line":102,"column":23}},"loc":{"start":{"line":102,"column":23},"end":{"line":105,"column":null}}},"7":{"name":"(anonymous_7)","decl":{"start":{"line":110,"column":11},"end":{"line":110,"column":23}},"loc":{"start":{"line":110,"column":23},"end":{"line":113,"column":null}}},"8":{"name":"(anonymous_8)","decl":{"start":{"line":118,"column":11},"end":{"line":118,"column":23}},"loc":{"start":{"line":118,"column":23},"end":{"line":121,"column":null}}},"9":{"name":"(anonymous_9)","decl":{"start":{"line":129,"column":11},"end":{"line":129,"column":23}},"loc":{"start":{"line":129,"column":23},"end":{"line":138,"column":null}}},"10":{"name":"(anonymous_10)","decl":{"start":{"line":143,"column":11},"end":{"line":143,"column":23}},"loc":{"start":{"line":143,"column":23},"end":{"line":147,"column":null}}},"11":{"name":"(anonymous_11)","decl":{"start":{"line":152,"column":11},"end":{"line":152,"column":23}},"loc":{"start":{"line":152,"column":23},"end":{"line":156,"column":null}}},"12":{"name":"(anonymous_12)","decl":{"start":{"line":161,"column":11},"end":{"line":161,"column":23}},"loc":{"start":{"line":161,"column":23},"end":{"line":170,"column":null}}},"13":{"name":"(anonymous_13)","decl":{"start":{"line":175,"column":11},"end":{"line":175,"column":23}},"loc":{"start":{"line":175,"column":23},"end":{"line":184,"column":null}}},"14":{"name":"(anonymous_14)","decl":{"start":{"line":192,"column":11},"end":{"line":192,"column":23}},"loc":{"start":{"line":192,"column":23},"end":{"line":196,"column":null}}},"15":{"name":"(anonymous_15)","decl":{"start":{"line":201,"column":11},"end":{"line":201,"column":23}},"loc":{"start":{"line":201,"column":23},"end":{"line":205,"column":null}}},"16":{"name":"(anonymous_16)","decl":{"start":{"line":210,"column":11},"end":{"line":210,"column":23}},"loc":{"start":{"line":210,"column":23},"end":{"line":220,"column":null}}},"17":{"name":"(anonymous_17)","decl":{"start":{"line":225,"column":11},"end":{"line":225,"column":23}},"loc":{"start":{"line":225,"column":23},"end":{"line":229,"column":null}}},"18":{"name"
[...]
,"end":{"line":538,"column":105}},"type":"binary-expr","locations":[{"start":{"line":538,"column":82},"end":{"line":538,"column":104}},{"start":{"line":538,"column":104},"end":{"line":538,"column":105}}]},"26":{"loc":{"start":{"line":541,"column":132},"end":{"line":541,"column":155}},"type":"binary-expr","locations":[{"start":{"line":541,"column":132},"end":{"line":541,"column":154}},{"start":{"line":541,"column":154},"end":{"line":541,"column":155}}]},"27":{"loc":{"start":{"line":544,"column":54},"end":{"line":544,"column":75}},"type":"binary-expr","locations":[{"start":{"line":544,"column":54},"end":{"line":544,"column":67}},{"start":{"line":544,"column":67},"end":{"line":544,"column":75}}]},"28":{"loc":{"start":{"line":555,"column":16},"end":{"line":555,"column":null}},"type":"cond-expr","locations":[{"start":{"line":555,"column":24},"end":{"line":555,"column":36}},{"start":{"line":555,"column":36},"end":{"line":555,"column":null}}]},"29":{"loc":{"start":{"line":556,"column":13},"end":{"line":558,"column":null}},"type":"cond-expr","locations":[{"start":{"line":557,"column":6},"end":{"line":557,"column":null}},{"start":{"line":558,"column":6},"end":{"line":558,"column":null}}]},"30":{"loc":{"start":{"line":559,"column":18},"end":{"line":561,"column":null}},"type":"cond-expr","locations":[{"start":{"line":560,"column":6},"end":{"line":560,"column":null}},{"start":{"line":561,"column":6},"end":{"line":561,"column":null}}]},"31":{"loc":{"start":{"line":565,"column":4},"end":{"line":572,"column":null}},"type":"cond-expr","locations":[{"start":{"line":566,"column":8},"end":{"line":566,"column":null}},{"start":{"line":572,"column":8},"end":{"line":572,"column":null}}]},"32":{"loc":{"start":{"line":576,"column":8},"end":{"line":576,"column":113}},"type":"cond-expr","locations":[{"start":{"line":576,"column":35},"end":{"line":576,"column":111}},{"start":{"line":576,"column":111},"end":{"line":576,"column":113}}]},"33":{"loc":{"start":{"line":576,"column":8},"end":{"line":576,"column":35}},"type":"binary-expr","locations":[{"start":{"line":576,"column":8},"end":{"line":576,"column":26}},{"start":{"line":576,"column":26},"end":{"line":576,"column":35}}]}},"s":{"0":0,"1":0,"2":0,"3":0,"4":0,"5":0,"6":0,"7":0,"8":0,"9":0,"10":0,"11":0,"12":0,"13":0,"14":0,"15":0,"16":0,"17":0,"18":0,"19":0,"20":0,"21":0,"22":0,"23":0,"24":0,"25":0,"26":0,"27":0,"28":0,"29":0,"30":0,"31":0,"32":0,"33":0,"34":0,"35":0,"36":0,"37":0,"38":0,"39":0,"40":0,"41":0,"42":0,"43":0,"44":0,"45":0,"46":0,"47":0,"48":0,"49":0,"50":0,"51":0,"52":0,"53":0,"54":0,"55":0,"56":0,"57":0,"58":0,"59":0,"60":0,"61":0,"62":0,"63":0,"64":0,"65":0,"66":0,"67":0,"68":0,"69":0,"70":0,"71":0,"72":0,"73":0,"74":0,"75":0,"76":0,"77":0,"78":0,"79":0,"80":0,"81":0,"82":0,"83":0,"84":0,"85":0,"86":0,"87":0,"88":0,"89":0,"90":0,"91":0,"92":0,"93":0,"94":0,"95":0,"96":0,"97":0,"98":0,"99":0,"100":0,"101":0,"102":0,"103":0,"104":0,"105":0,"106":0,"107":0,"108":0,"109":0,"110":0,"111":0},"f":{"0":0,"1":0,"2":0,"3":0,"4":0,"5":0,"6":0,"7":0,"8":0,"9":0,"10":0,"11":0,"12":0,"13":0,"14":0,"15":0,"16":0,"17":0,"18":0,"19":0,"20":0,"21":0,"22":0,"23":0,"24":0,"25":0,"26":0,"27":0,"28":0,"29":0,"30":0,"31":0,"32":0,"33":0,"34":0,"35":0,"36":0,"37":0,"38":0,"39":0,"40":0},"b":{"0":[0,0],"1":[0,0],"2":[0,0],"3":[0,0],"4":[0,0],"5":[0,0],"6":[0,0],"7":[0],"8":[0,0],"9":[0,0],"10":[0,0],"11":[0,0],"12":[0,0],"13":[0,0],"14":[0,0],"15":[0,0],"16":[0,0],"17":[0,0],"18":[0,0],"19":[0,0],"20":[0,0],"21":[0,0],"22":[0,0],"23":[0,0],"24":[0,0],"25":[0,0],"26":[0,0],"27":[0,0],"28":[0,0],"29":[0,0],"30":[0,0],"31":[0,0],"32":[0,0],"33":[0,0]}}
,"C:/Users/inken/Desktop/campfit/campfit-astro/src/services/adminService.ts": {"path":"C:/Users/inken/Desktop/campfit/campfit-astro/src/services/adminService.ts","statementMap":{"0":{"start":{"line":14,"column":28},"end":{"line":110,"column":null}},"1":{"start":{"line":19,"column":14},"end":{"line":23,"column":null}},"2":{"start":{"line":24,"column":21},"end":{"line":24,"column":null}},"3":{"start":{"line":25,"column":4},"end":{"line":39,"column":null}},"4":{"start":{"line":26,"column":19},"end":{"line":26,"column":null}},"5":{"start":{"line":27,"column":6},"end":{"line":38,"column":null}},"6":{"start":{"line":46,"column":14},"end":{"line":51,"column":null}},"7":{"start":{"line":52,"column":21},"end":{"line":52,"column":null}},"8":{"start":{"line":53,"column":4},"end":{"line":67,"column":null}},"9":{"start":{"line":54,"column":19},"end":{"line":54,"column":null}},"10":{"start":{"line":55,"column":6},"end":{"line":66,"column":null}},"11":{"start":{"line":74,"column":4},"end":{"line":77,"column":null}},"12":{"start":{"line":84,"column":4},"end":{"line":87,"column":null}},"13":{"start":{"line":94,"column":21},"end":{"line":94,"column":null}},"14":{"start":{"line":95,"column":21},"end":{"line":95,"column":null}},"15":{"start":{"line":96,"column":24},"end":{"line":96,"column":null}},"16":{"start":{"line":97,"column":23},"end":{"line":97,"column":null}},"17":{"start":{"line":98,"column":23},"end":{"line":98,"column":null}},"18":{"start":{"line":100,"column":4},"end":{"line":106,"column":null}},"19":{"start":{"line":101,"column":19},"end":{"line":101,"column":null}},"20":{"start":{"line":102,"column":6},"end":{"line":102,"column":null}},"21":{"start":{"line":103,"column":6},"end":{"line":103,"column":null}},"22":{"start":{"line":103,"column":35},"end":{"line":103,"column":null}},"23":{"start":{"line":104,"column":6},"end":{"line":104,"column":null}},"24":{"start":{"line":104,"column":34},"end":{"line":104,"column":null}},"25":{"start":{"line":105,"column":6},"end":{"line":105,"column":null}},"26":{"start":{"line":105,"column":31},"end":{"line":105,"column":null}},"27":{"start":{"line":108,"column":4},"end":{"line":108,"column":null}}},"fnMap":{"0":{"name":"(anonymous_0)","decl":{"start":{"line":18,"column":2},"end":{"line":18,"column":8}},"loc":{"start":{"line":18,"column":55},"end":{"line":40,"column":null}}},"1":{"name":"(anonymous_1)","decl":{"start":{"line":25,"column":29},"end":{"line":25,"column":30}},"loc":{"start":{"line":25,"column":36},"end":{"line":39,"column":5}}},"2":{"name":"(anonymous_2)","decl":{"start":{"line":45,"column":2},"end":{"line":45,"column":8}},"loc":{"start":{"line":45,"column":78},"end":{"line":68,"column":null}}},"3":{"name":"(anonymous_3)","decl":{"start":{"line":53,"column":29},"end":{"line":53,"column":30}},"loc":{"start":{"line":53,"column":36},"end":{"line":67,"column":5}}},"4":{"name":"(anonymous_4)","decl":{"start":{"line":73,"column":2},"end":{"line":73,"column":8}},"loc":{"start":{"line":73,"column":74},"end":{"line":78,"column":null}}},"5":{"name":"(anonymous_5)","decl":{"start":{"line":83,"column":2},"end":{"line":83,"column":8}},"loc":{"start":{"line":83,"column":48},"end":{"line":88,"column":null}}},"6":{"name":"(anonymous_6)","decl":{"start":{"line":93,"column":2},"end":{"line":93,"column":8}},"loc":{"start":{"line":93,"column":119},"end":{"line":109,"column":null}}},"7":{"name":"(anonymous_7)","decl":{"start":{"line":100,"column":26},"end":{"line":100,"column":27}},"loc":{"start":{"line":100,"column":33},"end":{"line":106,"column":5}}}},"branchMap":{"0":{"loc":{"start":{"line":18,"column":20},"end":{"line":18,"column":55}},"type":"default-arg","locations":[{"start":{"line":18,"column":33},"end":{"line":18,"column":55}}]},"1":{"loc":{"start":{"line":29,"column":14},"end":{"line":29,"column":null}},"type":"binary-expr","locations":[{"start":{"line":29,"column":14},"end":{"line":29,"column":27}},{"start":{"line":29,"column":27},"end":{"line":29,"column":null}}]},"2":{"loc":{"start":{"line":30,"column":15},"end":{"line":30,"column":null}},"type":"binary-expr","locations":[{"start":{"line":30,"column":15},"end":{"line":30,"column":29}},{"start":{"line":30,"column":29},"end":{"line":30,"column":null}}]},"3":{"loc":{"start":{"line":31,"column":14},"end":{"line":31,"column":null}},"type":"binary-expr","locations":[{"start":{"line":31,"column":14},"end":{"line":31,"column":27}},{"start":{"line":31,"column":27},"end":{"line":31,"column":null}}]},"4":{"loc":{"start":{"line":32,"column":24},"end":{"line":32,"column":null}},"type":"binary-expr","locations":[{"start":{"line":32,"column":24},"end":{"line":32,"column":47}},{"start":{"line":32,"column":47},"end":{"line":32,"column":null}}]},"5":{"loc":{"start":{"line":45,"column":43},"end":{"line":45,"column":78}},"type":"default-arg","locations":[{"start":{"line":45,"column":56},"end":{"line":45,"column":78}}]},"6":{"loc":{"start":{"line":57,"column":14},"end":{"line":57,"column":null}},"type":"binary-expr","locations":[{"start":{"line":57,"column":14},"end":{"line":57,"column":27}},{"start":{"line":57,"column":27},"end":{"line":57,"column":null}}]},"7":{"loc":{"start":{"line":58,"column":15},"end":{"line":58,"column":null}},"type":"binary-expr","locations":[{"start":{"line":58,"column":15},"end":{"line":58,"column":29}},{"start":{"line":58,"column":29},"end":{"line":58,"column":null}}]},"8":{"loc":{"start":{"line":59,"column":14},"end":{"line":59,"column":null}},"type":"binary-expr","locations":[{"start":{"line":59,"column":14},"end":{"line":59,"column":27}},{"start":{"line":59,"column":27},"end":{"line":59,"column":null}}]},"9":{"loc":{"start":{"line":60,"column":24},"end":{"line":60,"column":null}},"type":"binary-expr","locations":[{"start":{"line":60,"column":24},"end":{"line":60,"column":47}},{"start":{"line":60,"column":47},"end":{"line":60,"column":null}}]},"10":{"loc":{"start":{"line":103,"column":6},"end":{"line":103,"column":null}},"type":"if","locations":[{"start":{"line":103,"column":6},"end":{"line":103,"column":null}},{"start":{},"end":{}}]},"11":{"loc":{"start":{"line":104,"column":6},"end":{"line":104,"column":null}},"type":"if","locations":[{"start":{"line":104,"column":6},"end":{"line":104,"column":null}},{"start":{},"end":{}}]},"12":{"loc":{"start":{"line":105,"column":6},"end":{"line":105,"column":null}},"type":"if","locations":[{"start":{"line":105,"column":6},"end":{"line":105,"column":null}},{"start":{},"end":{}}]}},"s":{"0":1,"1":4,"2":4,"3":3,"4":3,"5":3,"6":3,"7":3,"8":2,"9":1,"10":1,"11":2,"12":2,"13":3,"14":2,"15":2,"16":2,"17":2,"18":2,"19":3,"20":3,"21":3,"22":1,"23":3,"24":2,"25":3,"26":1,"27":2},"f":{"0":4,"1":3,"2":3,"3":1,"4":2,"5":2,"6":3,"7":3},"b":{"0":[4],"1":[3,0],"2":[3,1],"3":[3,1],"4":[3,3],"5":[3],"6":[1,0],"7":[1,0],"8":[1,0],"9":[1,1],"10":[1,2],"11":[2,1],"12":[1,2]}}
,"C:/Users/inken/Desktop/campfit/campfit-astro/src/services/authService.ts": {"path":"C:/Users/inken/Desktop/campfit/campfit-astro/src/services/authService.ts","statementMap":{"0":{"start":{"line":30,"column":2},"end":{"line":41,"column":null}},"1":{"start":{"line":44,"column":27},"end":{"line":133,"column":null}},"2":{"start":{"line":50,"column":23},"end":{"line":50,"column":null}},"3":{"start":{"line":51,"column":16},"end":{"line":51,"column":null}},"4":{"start":{"line":53,"column":20},"end":{"line":53,"column":null}},"5":{"start":{"line":54,"column":4},"end":{"line":56,"column":null}},"6":{"start":{"line":55,"column":6},"end":{"line":55,"column":null}},"7":{"start":{"line":58,"column":4},"end":{"line":58,"column":null}},"8":{"start":{"line":66,"column":23},"end":{"line":66,"column":null}},"9":{"start":{"line":67,"column":16},"end":{"line":67,"column":null}},"10":{"start":{"line":69,"column":20},"end":{"line":76,"column":null}},"11":{"start":{"line":78,"column":4},"end":{"line":78,"column":null}},"12":{"start":{"line":80,"column":4},"end":{"line":80,"column":null}},"13":{"start":{"line":87,"column":4},"end":{"line":87,"column":null}},"14":{"start":{"line":94,"column":4},"end":{"line":94,"column":null}},"15":{"start":{"line":102,"column":21},"end":{"line":102,"column":null}},"16":{"start":{"line":103,"column":23},"end":{"line":103,"column":null}},"17":{"start":{"line":104,"column":35},"end":{"line":104,"column":null}},"18":{"start":{"line":105,"column":16},"end":{"line":105,"column":null}},"19":{"start":{"line":107,"column":20},"end":{"line":107,"column":null}},"20":{"start":{"line":109,"column":4},"end":{"line":121,"column":null}},"21":{"start":{"line":110,"column":22},"end":{"line":118,"column":null}},"22":{"start":{"line":119,"column":6},"end":{"line":119,"column":null}},"23":{"start":{"line":120,"column":6},"end":{"line":120,"column":null}},"24":{"start":{"line":123,"column":4},"end":{"line":123,"column":null}},"25":{"start":{"line":131,"column":4},"end":{"line":131,"column":null}}},"fnMap":{"0":{"name":"mapFirebaseUser","decl":{"start":{"line":29,"column":9},"end":{"line":29,"column":25}},"loc":{"start":{"line":29,"column":73},"end":{"line":42,"column":null}}},"1":{"name":"(anonymous_1)","decl":{"start":{"line":49,"column":2},"end":{"line":49,"column":8}},"loc":{"start":{"line":49,"column":66},"end":{"line":59,"column":null}}},"2":{"name":"(anonymous_2)","decl":{"start":{"line":65,"column":2},"end":{"line":65,"column":8}},"loc":{"start":{"line":65,"column":83},"end":{"line":81,"column":null}}},"3":{"name":"(anonymous_3)","decl":{"start":{"line":86,"column":2},"end":{"line":86,"column":8}},"loc":{"start":{"line":86,"column":36},"end":{"line":88,"column":null}}},"4":{"name":"(anonymous_4)","decl":{"start":{"line":93,"column":2},"end":{"line":93,"column":8}},"loc":{"start":{"line":93,"column":54},"end":{"line":95,"column":null}}},"5":{"name":"(anonymous_5)","decl":{"start":{"line":101,"column":2},"end":{"line":101,"column":8}},"loc":{"start":{"line":101,"column":41},"end":{"line":124,"column":null}}},"6":{"name":"(anonymous_6)","decl":{"start":{"line":130,"column":2},"end":{"line":130,"column":15}},"loc":{"start":{"line":130,"column":74},"end":{"line":132,"column":null}}}},"branchMap":{"0":{"loc":{"start":{"line":32,"column":11},"end":{"line":32,"column":null}},"type":"binary-expr","locations":[{"start":{"line":32,"column":11},"end":{"line":32,"column":33}},{"start":{"line":32,"column":33},"end":{"line":32,"column":null}}]},"1":{"loc":{"start":{"line":33,"column":10},"end":{"line":33,"column":null}},"type":"binary-expr","locations":[{"start":{"line":33,"column":10},"end":{"line":33,"column":26}},{"start":{"line":33,"column":26},"end":{"line":33,"column":54}},{"start":{"line":33,"column":54},"end":{"line":33,"column":null}}]},"2":{"loc":{"start":{"line":34,"column":10},"end":{"line":34,"column":null}},"type":"binary-expr","locations":[{"start":{"line":34,"column":10},"end":{"line":34,"column":26}},{"start":{"line":34,"column":26},"end":{"line":34,"column":null}}]},"3":{"loc":{"start":{"line":35,"column":20},"end":{"line":35,"column":null}},"type":"binary-expr","locations":[{"start":{"line":35,"column":20},"end":{"line":35,"column":46}},{"start":{"line":35,"column":46},"end":{"line":35,"column":null}}]},"4":{"loc":{"start":{"line":54,"column":4},"end":{"line":56,"column":null}},"type":"if","locations":[{"start":{"line":54,"column":4},"end":{"line":56,"column":null}},{"start":{},"end":{}}]},"5":{"loc":{"start":{"line":109,"column":4},"end":{"line":121,"column":null}},"type":"if","locations":[{"start":{"line":109,"column":4},"end":{"line":121,"column":null}},{"start":{},"end":{}}]},"6":{"loc":{"start":{"line":111,"column":14},"end":{"line":111,"column":null}},"type":"binary-expr","locations":[{"start":{"line":111,"column":14},"end":{"line":111,"column":42}},{"start":{"line":111,"column":42},"end":{"line":111,"column":null}}]},"7":{"loc":{"start":{"line":112,"column":15},"end":{"line":112,"column":null}},"type":"binary-expr","locations":[{"start":{"line":112,"column":15},"end":{"line":112,"column":37}},{"start":{"line":112,"column":37},"end":{"line":112,"column":null}}]}},"s":{"0":4,"1":1,"2":4,"3":2,"4":2,"5":2,"6":1,"7":1,"8":3,"9":1,"10":1,"11":1,"12":1,"13":2,"14":2,"15":3,"16":3,"17":2,"18":2,"19":2,"20":2,"21":1,"22":1,"23":1,"24":1,"25":2},"f":{"0":4,"1":4,"2":3,"3":2,"4":2,"5":3,"6":2},"b":{"0":[4,0],"1":[4,0,0],"2":[4,0],"3":[4,2],"4":[1,1],"5":[1,1],"6":[1,0],"7":[1,0]}}
,"C:/Users/inken/Desktop/campfit/campfit-astro/src/stores/authStore.ts": {"path":"C:/Users/inken/Desktop/campfit/campfit-astro/src/stores/authStore.ts","statementMap":{"0":{"start":{"line":16,"column":21},"end":{"line":16,"column":null}},"1":{"start":{"line":19,"column":28},"end":{"line":19,"column":null}},"2":{"start":{"line":22,"column":26},"end":{"line":22,"column":null}},"3":{"start":{"line":27,"column":32},"end":{"line":27,"column":null}},"4":{"start":{"line":27,"column":58},"end":{"line":27,"column":71}},"5":{"start":{"line":30,"column":25},"end":{"line":30,"column":null}},"6":{"start":{"line":30,"column":51},"end":{"line":30,"column":69}},"7":{"start":{"line":33,"column":25},"end":{"line":33,"column":null}},"8":{"start":{"line":33,"column":51},"end":{"line":33,"column":69}},"9":{"start":{"line":36,"column":24},"end":{"line":36,"column":null}},"10":{"start":{"line":36,"column":54},"end":{"line":36,"column":70}},"11":{"start":{"line":39,"column":26},"end":{"line":39,"column":null}},"12":{"start":{"line":39,"column":56},"end":{"line":39,"column":74}},"13":{"start":{"line":42,"column":25},"end":{"line":42,"column":null}},"14":{"start":{"line":42,"column":55},"end":{"line":42,"column":72}},"15":{"start":{"line":48,"column":2},"end":{"line":48,"column":null}},"16":{"start":{"line":53,"column":2},"end":{"line":53,"column":null}},"17":{"start":{"line":58,"column":2},"end":{"line":58,"column":null}},"18":{"start":{"line":63,"column":2},"end":{"line":63,"column":null}},"19":{"start":{"line":64,"column":2},"end":{"line":64,"column":null}},"20":{"start":{"line":65,"column":2},"end":{"line":65,"column":null}}},"fnMap":{"0":{"name":"(anonymous_0)","decl":{"start":{"line":27,"column":48},"end":{"line":27,"column":49}},"loc":{"start":{"line":27,"column":58},"end":{"line":27,"column":71}}},"1":{"name":"(anonymous_1)","decl":{"start":{"line":30,"column":41},"end":{"line":30,"column":42}},"loc":{"start":{"line":30,"column":51},"end":{"line":30,"column":69}}},"2":{"name":"(anonymous_2)","decl":{"start":{"line":33,"column":41},"end":{"line":33,"column":42}},"loc":{"start":{"line":33,"column":51},"end":{"line":33,"column":69}}},"3":{"name":"(anonymous_3)","decl":{"start":{"line":36,"column":44},"end":{"line":36,"column":45}},"loc":{"start":{"line":36,"column":54},"end":{"line":36,"column":70}}},"4":{"name":"(anonymous_4)","decl":{"start":{"line":39,"column":46},"end":{"line":39,"column":47}},"loc":{"start":{"line":39,"column":56},"end":{"line":39,"column":74}}},"5":{"name":"(anonymous_5)","decl":{"start":{"line":42,"column":45},"end":{"line":42,"column":46}},"loc":{"start":{"line":42,"column":55},"end":{"line":42,"column":72}}},"6":{"name":"setUser","decl":{"start":{"line":47,"column":16},"end":{"line":47,"column":24}},"loc":{"start":{"line":47,"column":49},"end":{"line":49,"column":null}}},"7":{"name":"setAuthLoading","decl":{"start":{"line":52,"column":16},"end":{"line":52,"column":31}},"loc":{"start":{"line":52,"column":55},"end":{"line":54,"column":null}}},"8":{"name":"setAuthError","decl":{"start":{"line":57,"column":16},"end":{"line":57,"column":29}},"loc":{"start":{"line":57,"column":57},"end":{"line":59,"column":null}}},"9":{"name":"clearAuth","decl":{"start":{"line":62,"column":16},"end":{"line":62,"column":34}},"loc":{"start":{"line":62,"column":34},"end":{"line":66,"column":null}}}},"branchMap":{"0":{"loc":{"start":{"line":30,"column":51},"end":{"line":30,"column":69}},"type":"binary-expr","locations":[{"start":{"line":30,"column":51},"end":{"line":30,"column":65}},{"start":{"line":30,"column":65},"end":{"line":30,"column":69}}]},"1":{"loc":{"start":{"line":33,"column":51},"end":{"line":33,"column":69}},"type":"binary-expr","locations":[{"start":{"line":33,"column":51},"end":{"line":33,"column":65}},{"start":{"line":33,"column":65},"end":{"line":33,"column":69}}]}},"s":{"0":1,"1":1,"2":1,"3":1,"4":11,"5":1,"6":7,"7":1,"8":0,"9":1,"10":0,"11":1,"12":0,"13":1,"14":0,"15":10,"16":3,"17":4,"18":1,"19":1,"20":1},"f":{"0":11,"1":7,"2":0,"3":0,"4":0,"5":0,"6":10,"7":3,"8":4,"9":1},"b":{"0":[7,4],"1":[0,0]}}
}
